

New logging session started

[2020-08-25 09:36:15.237] [trace] [t=9980] D:\a\1\s\extern\Azure-Kinect-Sensor-SDK\src\sdk\k4a.c (53): k4a_device_t_create(). Created   k4a_device_t 00F77E68
[2020-08-25 09:36:15.238] [trace] [t=9980] D:\a\1\s\extern\Azure-Kinect-Sensor-SDK\src\depth_mcu\depth_mcu.c (29): depthmcu_t_create(). Created   depthmcu_t 00F7C948
[2020-08-25 09:36:15.238] [trace] [t=9980] d:\a\1\s\extern\azure-kinect-sensor-sdk\src\usbcommand\usb_cmd_priv.h (101): usbcmd_t_create(). Created   usbcmd_t 00F6E5D0
[2020-08-25 09:36:15.286] [info] [t=9980] D:\a\1\s\extern\Azure-Kinect-Sensor-SDK\src\usbcommand\usbcommand.c (343): find_libusb_device(). Container ID found: {f2b3961e-d8b4-46b0-d6b0-b99ac2e63b95} 
[2020-08-25 09:36:15.287] [info] [t=9980] D:\a\1\s\extern\Azure-Kinect-Sensor-SDK\src\usbcommand\usbcommand.c (224): populate_serialnumber(). Serial Number found 001170594512
[2020-08-25 09:36:15.287] [trace] [t=9980] D:\a\1\s\extern\Azure-Kinect-Sensor-SDK\src\usbcommand\usbcommand.c (653): usb_cmd_io(). XFR: Cmd=00000115, PayloadSize=255
[2020-08-25 09:36:15.302] [trace] [t=9980] D:\a\1\s\extern\Azure-Kinect-Sensor-SDK\src\color_mcu\color_mcu.c (41): colormcu_t_create(). Created   colormcu_t 00F84F90
[2020-08-25 09:36:15.302] [trace] [t=9980] d:\a\1\s\extern\azure-kinect-sensor-sdk\src\usbcommand\usb_cmd_priv.h (101): usbcmd_t_create(). Created   usbcmd_t 00F6EFF0
[2020-08-25 09:36:15.338] [info] [t=9980] D:\a\1\s\extern\Azure-Kinect-Sensor-SDK\src\usbcommand\usbcommand.c (343): find_libusb_device(). Container ID found: {f2b3961e-d8b4-46b0-d6b0-b99ac2e63b95} 
[2020-08-25 09:36:15.338] [info] [t=9980] D:\a\1\s\extern\Azure-Kinect-Sensor-SDK\src\usbcommand\usbcommand.c (224): populate_serialnumber(). Serial Number found 001170594512
[2020-08-25 09:36:15.338] [trace] [t=9980] D:\a\1\s\extern\Azure-Kinect-Sensor-SDK\src\calibration\calibration.c (47): calibration_t_create(). Created   calibration_t 00FEF810
[2020-08-25 09:36:15.338] [trace] [t=9980] D:\a\1\s\extern\Azure-Kinect-Sensor-SDK\src\usbcommand\usbcommand.c (653): usb_cmd_io(). XFR: Cmd=00000111, PayloadSize=10240
[2020-08-25 09:36:15.357] [trace] [t=9980] D:\a\1\s\extern\Azure-Kinect-Sensor-SDK\src\capturesync\capturesync.c (54): capturesync_t_create(). Created   capturesync_t 00FB0B98
[2020-08-25 09:36:15.357] [trace] [t=9980] D:\a\1\s\extern\Azure-Kinect-Sensor-SDK\src\queue\queue.c (39): queue_t_create(). Created   queue_t 00FA5DF8
[2020-08-25 09:36:15.357] [trace] [t=9980] D:\a\1\s\extern\Azure-Kinect-Sensor-SDK\src\queue\queue.c (39): queue_t_create(). Created   queue_t 00FA5BC8
[2020-08-25 09:36:15.357] [trace] [t=9980] D:\a\1\s\extern\Azure-Kinect-Sensor-SDK\src\queue\queue.c (39): queue_t_create(). Created   queue_t 00FA5810
[2020-08-25 09:36:15.357] [trace] [t=9980] D:\a\1\s\extern\Azure-Kinect-Sensor-SDK\src\depth\depth.c (51): depth_t_create(). Created   depth_t 00F71DB8
[2020-08-25 09:36:15.357] [trace] [t=9980] D:\a\1\s\extern\Azure-Kinect-Sensor-SDK\src\usbcommand\usbcommand.c (653): usb_cmd_io(). XFR: Cmd=00000201, PayloadSize=18
[2020-08-25 09:36:15.360] [trace] [t=9980] D:\a\1\s\extern\Azure-Kinect-Sensor-SDK\src\usbcommand\usbcommand.c (653): usb_cmd_io(). XFR: Cmd=00000201, PayloadSize=18
[2020-08-25 09:36:15.366] [critical] [t=9980] D:\a\1\s\extern\Azure-Kinect-Sensor-SDK\src\depth\depth.c (225): ******************** Device Info ********************
[2020-08-25 09:36:15.366] [critical] [t=9980] D:\a\1\s\extern\Azure-Kinect-Sensor-SDK\src\depth\depth.c (226): K4A SDK version:     1.4.1
[2020-08-25 09:36:15.366] [trace] [t=9980] D:\a\1\s\extern\Azure-Kinect-Sensor-SDK\src\usbcommand\usbcommand.c (653): usb_cmd_io(). XFR: Cmd=00000115, PayloadSize=255
[2020-08-25 09:36:15.392] [critical] [t=9980] D:\a\1\s\extern\Azure-Kinect-Sensor-SDK\src\depth\depth.c (232): Serial Number:       001170594512
[2020-08-25 09:36:15.392] [critical] [t=9980] D:\a\1\s\extern\Azure-Kinect-Sensor-SDK\src\depth\depth.c (236): RGB Sensor Version:  1.6.110
[2020-08-25 09:36:15.392] [critical] [t=9980] D:\a\1\s\extern\Azure-Kinect-Sensor-SDK\src\depth\depth.c (239): Depth Sensor Version:1.6.79
[2020-08-25 09:36:15.392] [critical] [t=9980] D:\a\1\s\extern\Azure-Kinect-Sensor-SDK\src\depth\depth.c (242): Mic Array Version:   1.6.14
[2020-08-25 09:36:15.392] [critical] [t=9980] D:\a\1\s\extern\Azure-Kinect-Sensor-SDK\src\depth\depth.c (245): Sensor Config:       6109.7
[2020-08-25 09:36:15.392] [critical] [t=9980] D:\a\1\s\extern\Azure-Kinect-Sensor-SDK\src\depth\depth.c (248): Build type:          Release
[2020-08-25 09:36:15.392] [critical] [t=9980] D:\a\1\s\extern\Azure-Kinect-Sensor-SDK\src\depth\depth.c (253): Signature type:      MSFT
[2020-08-25 09:36:15.392] [critical] [t=9980] D:\a\1\s\extern\Azure-Kinect-Sensor-SDK\src\depth\depth.c (259): ****************************************************
[2020-08-25 09:36:15.392] [trace] [t=9980] D:\a\1\s\extern\Azure-Kinect-Sensor-SDK\src\dewrapper\dewrapper.c (57): dewrapper_t_create(). Created   dewrapper_t 00F87C08
[2020-08-25 09:36:15.392] [trace] [t=9980] D:\a\1\s\extern\Azure-Kinect-Sensor-SDK\src\queue\queue.c (39): queue_t_create(). Created   queue_t 00FA5C00
[2020-08-25 09:36:15.392] [trace] [t=9980] D:\a\1\s\extern\Azure-Kinect-Sensor-SDK\src\usbcommand\usbcommand.c (653): usb_cmd_io(). XFR: Cmd=000000f2, PayloadSize=0
[2020-08-25 09:36:15.397] [trace] [t=9980] D:\a\1\s\extern\Azure-Kinect-Sensor-SDK\src\usbcommand\usbcommand.c (653): usb_cmd_io(). XFR: Cmd=0000000a, PayloadSize=0
[2020-08-25 09:36:15.401] [trace] [t=9980] D:\a\1\s\extern\Azure-Kinect-Sensor-SDK\src\color\color.cpp (45): color_t_create(). Created   color_t 00FB51D0
[2020-08-25 09:36:15.540] [trace] [t=9980] D:\a\1\s\extern\Azure-Kinect-Sensor-SDK\src\imu\imu.c (70): imu_t_create(). Created   imu_t 00FD15B8
[2020-08-25 09:36:15.540] [trace] [t=9980] D:\a\1\s\extern\Azure-Kinect-Sensor-SDK\src\queue\queue.c (39): queue_t_create(). Created   queue_t 00F9F050
[2020-08-25 09:36:15.540] [trace] [t=9980] D:\a\1\s\extern\Azure-Kinect-Sensor-SDK\src\usbcommand\usbcommand.c (653): usb_cmd_io(). XFR: Cmd=80000004, PayloadSize=0
[2020-08-25 09:36:15.541] [trace] [t=9980] D:\a\1\s\extern\Azure-Kinect-Sensor-SDK\src\sdk\k4a.c (850): k4a_device_start_cameras(). k4a_device_start_cameras starting
[2020-08-25 09:36:15.541] [info] [t=9980] D:\a\1\s\extern\Azure-Kinect-Sensor-SDK\src\sdk\k4a.c (868): k4a_device_start_cameras(). Starting camera's with the following config.
[2020-08-25 09:36:15.541] [info] [t=9980] D:\a\1\s\extern\Azure-Kinect-Sensor-SDK\src\sdk\k4a.c (869): k4a_device_start_cameras().     color_format:0
[2020-08-25 09:36:15.541] [info] [t=9980] D:\a\1\s\extern\Azure-Kinect-Sensor-SDK\src\sdk\k4a.c (870): k4a_device_start_cameras().     color_resolution:5
[2020-08-25 09:36:15.541] [info] [t=9980] D:\a\1\s\extern\Azure-Kinect-Sensor-SDK\src\sdk\k4a.c (871): k4a_device_start_cameras().     depth_mode:2
[2020-08-25 09:36:15.541] [info] [t=9980] D:\a\1\s\extern\Azure-Kinect-Sensor-SDK\src\sdk\k4a.c (872): k4a_device_start_cameras().     camera_fps:2
[2020-08-25 09:36:15.541] [info] [t=9980] D:\a\1\s\extern\Azure-Kinect-Sensor-SDK\src\sdk\k4a.c (873): k4a_device_start_cameras().     synchronized_images_only:0
[2020-08-25 09:36:15.541] [info] [t=9980] D:\a\1\s\extern\Azure-Kinect-Sensor-SDK\src\sdk\k4a.c (874): k4a_device_start_cameras().     depth_delay_off_color_usec:0
[2020-08-25 09:36:15.541] [info] [t=9980] D:\a\1\s\extern\Azure-Kinect-Sensor-SDK\src\sdk\k4a.c (875): k4a_device_start_cameras().     wired_sync_mode:0
[2020-08-25 09:36:15.541] [info] [t=9980] D:\a\1\s\extern\Azure-Kinect-Sensor-SDK\src\sdk\k4a.c (876): k4a_device_start_cameras().     subordinate_delay_off_master_usec:0
[2020-08-25 09:36:15.541] [info] [t=9980] D:\a\1\s\extern\Azure-Kinect-Sensor-SDK\src\sdk\k4a.c (877): k4a_device_start_cameras().     disable_streaming_indicator:0
[2020-08-25 09:36:15.541] [trace] [t=9980] D:\a\1\s\extern\Azure-Kinect-Sensor-SDK\src\usbcommand\usbcommand.c (649): usb_cmd_io(). XFR: Cmd=80000001, CmdLength=13, PayloadSize=0, CmdData=00000000 00000000...
[2020-08-25 09:36:15.551] [trace] [t=9980] D:\a\1\s\extern\Azure-Kinect-Sensor-SDK\src\usbcommand\usbcommand.c (649): usb_cmd_io(). XFR: Cmd=000000e1, CmdLength=4, PayloadSize=0, CmdData=00000004 00000002...
[2020-08-25 09:36:15.552] [trace] [t=9980] D:\a\1\s\extern\Azure-Kinect-Sensor-SDK\src\usbcommand\usbcommand.c (649): usb_cmd_io(). XFR: Cmd=00000022, CmdLength=4, PayloadSize=2000000, CmdData=00000002 02bfc020...
[2020-08-25 09:36:15.558] [trace] [t=29024] D:\a\1\s\extern\Azure-Kinect-Sensor-SDK\src\dynlib\dynlib_windows.c (22): dynlib_t_create(). Created   dynlib_t 00FA8268
[2020-08-25 09:36:15.561] [info] [t=29024] D:\a\1\s\extern\Azure-Kinect-Sensor-SDK\src\dynlib\dynlib_windows.c (131): dynlib_create(). Depth Engine loaded C:\Users\const\source\repos\Azure_Kinect_Controller\Debug\depthengine_2_0.DLL
[2020-08-25 09:36:15.562] [info] [t=29024] D:\a\1\s\extern\Azure-Kinect-Sensor-SDK\src\deloader\deloader.cpp (51): verify_plugin(). Loaded Depth Engine version: 2.1.3
[2020-08-25 09:36:15.875] [trace] [t=9980] D:\a\1\s\extern\Azure-Kinect-Sensor-SDK\src\usbcommand\usbcommand.c (649): usb_cmd_io(). XFR: Cmd=00000103, CmdLength=4, PayloadSize=0, CmdData=0000001e 00000002...
[2020-08-25 09:36:15.876] [trace] [t=9980] D:\a\1\s\extern\Azure-Kinect-Sensor-SDK\src\usbcommand\usbcommand.c (653): usb_cmd_io(). XFR: Cmd=00000009, PayloadSize=0
[2020-08-25 09:36:15.878] [trace] [t=9980] D:\a\1\s\extern\Azure-Kinect-Sensor-SDK\src\usbcommand\usbcommand.c (653): usb_cmd_io(). XFR: Cmd=000000f1, PayloadSize=0
[2020-08-25 09:36:15.893] [trace] [t=34456] D:\a\1\s\extern\Azure-Kinect-Sensor-SDK\src\image\image.c (51): k4a_image_t_create(). Created   k4a_image_t 010142B0
[2020-08-25 09:36:15.893] [trace] [t=34456] D:\a\1\s\extern\Azure-Kinect-Sensor-SDK\src\image\image.c (51): k4a_image_t_create(). Created   k4a_image_t 01013D10
[2020-08-25 09:36:15.894] [trace] [t=34456] D:\a\1\s\extern\Azure-Kinect-Sensor-SDK\src\image\image.c (51): k4a_image_t_create(). Created   k4a_image_t 01013D70
[2020-08-25 09:36:15.895] [trace] [t=34456] D:\a\1\s\extern\Azure-Kinect-Sensor-SDK\src\image\image.c (51): k4a_image_t_create(). Created   k4a_image_t 01013DD0
[2020-08-25 09:36:15.896] [trace] [t=34456] D:\a\1\s\extern\Azure-Kinect-Sensor-SDK\src\image\image.c (51): k4a_image_t_create(). Created   k4a_image_t 01014730
[2020-08-25 09:36:15.896] [info] [t=9980] D:\a\1\s\extern\Azure-Kinect-Sensor-SDK\src\sdk\k4a.c (916): k4a_device_start_cameras(). k4a_device_start_cameras started
[2020-08-25 09:36:15.897] [trace] [t=34456] D:\a\1\s\extern\Azure-Kinect-Sensor-SDK\src\image\image.c (51): k4a_image_t_create(). Created   k4a_image_t 010141F0
[2020-08-25 09:36:15.897] [trace] [t=34456] D:\a\1\s\extern\Azure-Kinect-Sensor-SDK\src\image\image.c (51): k4a_image_t_create(). Created   k4a_image_t 01014310
[2020-08-25 09:36:15.898] [trace] [t=34456] D:\a\1\s\extern\Azure-Kinect-Sensor-SDK\src\image\image.c (51): k4a_image_t_create(). Created   k4a_image_t 01014490
[2020-08-25 09:36:15.949] [trace] [t=34456] D:\a\1\s\extern\Azure-Kinect-Sensor-SDK\src\allocator\allocator.c (118): k4a_capture_t_create(). Created   k4a_capture_t 010108B8
[2020-08-25 09:36:15.949] [trace] [t=34456] D:\a\1\s\extern\Azure-Kinect-Sensor-SDK\src\image\image.c (51): k4a_image_t_create(). Created   k4a_image_t 01014250
[2020-08-25 09:36:15.982] [trace] [t=34456] D:\a\1\s\extern\Azure-Kinect-Sensor-SDK\src\allocator\allocator.c (118): k4a_capture_t_create(). Created   k4a_capture_t 01010DE0
[2020-08-25 09:36:15.982] [trace] [t=34456] D:\a\1\s\extern\Azure-Kinect-Sensor-SDK\src\image\image.c (51): k4a_image_t_create(). Created   k4a_image_t 01013E30
[2020-08-25 09:36:16.060] [trace] [t=34456] D:\a\1\s\extern\Azure-Kinect-Sensor-SDK\src\allocator\allocator.c (118): k4a_capture_t_create(). Created   k4a_capture_t 01010B10
[2020-08-25 09:36:16.060] [trace] [t=34456] D:\a\1\s\extern\Azure-Kinect-Sensor-SDK\src\image\image.c (51): k4a_image_t_create(). Created   k4a_image_t 01014670
[2020-08-25 09:36:16.061] [trace] [t=34456] D:\a\1\s\extern\Azure-Kinect-Sensor-SDK\src\allocator\allocator.c (118): k4a_capture_t_create(). Created   k4a_capture_t 01010C28
[2020-08-25 09:36:16.061] [trace] [t=34456] D:\a\1\s\extern\Azure-Kinect-Sensor-SDK\src\image\image.c (51): k4a_image_t_destroy(). Destroyed k4a_image_t 01013D10
[2020-08-25 09:36:16.061] [trace] [t=34456] D:\a\1\s\extern\Azure-Kinect-Sensor-SDK\src\allocator\allocator.c (118): k4a_capture_t_destroy(). Destroyed k4a_capture_t 01010DE0
[2020-08-25 09:36:16.061] [trace] [t=34456] D:\a\1\s\extern\Azure-Kinect-Sensor-SDK\src\image\image.c (51): k4a_image_t_create(). Created   k4a_image_t 01014430
[2020-08-25 09:36:16.068] [warning] [t=29024] D:\a\1\s\extern\Azure-Kinect-Sensor-SDK\src\dewrapper\dewrapper.c (278): depth_engine_thread(). Depth image processing is too slow at 119ms (this may be transient).
[2020-08-25 09:36:16.068] [trace] [t=29024] D:\a\1\s\extern\Azure-Kinect-Sensor-SDK\src\allocator\allocator.c (118): k4a_capture_t_create(). Created   k4a_capture_t 01010A20
[2020-08-25 09:36:16.068] [trace] [t=29024] D:\a\1\s\extern\Azure-Kinect-Sensor-SDK\src\image\image.c (51): k4a_image_t_create(). Created   k4a_image_t 01013F50
[2020-08-25 09:36:16.069] [trace] [t=29024] D:\a\1\s\extern\Azure-Kinect-Sensor-SDK\src\image\image.c (51): k4a_image_t_create(). Created   k4a_image_t 01013D10
[2020-08-25 09:36:16.069] [trace] [t=29024] D:\a\1\s\extern\Azure-Kinect-Sensor-SDK\src\image\image.c (51): k4a_image_t_destroy(). Destroyed k4a_image_t 01013F50
[2020-08-25 09:36:16.069] [trace] [t=29024] D:\a\1\s\extern\Azure-Kinect-Sensor-SDK\src\image\image.c (51): k4a_image_t_destroy(). Destroyed k4a_image_t 01013D10
[2020-08-25 09:36:16.069] [trace] [t=29024] D:\a\1\s\extern\Azure-Kinect-Sensor-SDK\src\allocator\allocator.c (118): k4a_capture_t_destroy(). Destroyed k4a_capture_t 01010A20
[2020-08-25 09:36:16.069] [trace] [t=29024] D:\a\1\s\extern\Azure-Kinect-Sensor-SDK\src\allocator\allocator.c (118): k4a_capture_t_destroy(). Destroyed k4a_capture_t 010108B8
[2020-08-25 09:36:16.069] [trace] [t=29024] D:\a\1\s\extern\Azure-Kinect-Sensor-SDK\src\image\image.c (51): k4a_image_t_destroy(). Destroyed k4a_image_t 010142B0
[2020-08-25 09:36:16.069] [info] [t=29024] D:\a\1\s\extern\Azure-Kinect-Sensor-SDK\src\queue\queue.c (170): queue_pop(). Queue "dewrapper" dropped oldest 1 captures from queue.
[2020-08-25 09:36:16.082] [trace] [t=34456] D:\a\1\s\extern\Azure-Kinect-Sensor-SDK\src\allocator\allocator.c (118): k4a_capture_t_create(). Created   k4a_capture_t 010108B8
[2020-08-25 09:36:16.082] [trace] [t=34456] D:\a\1\s\extern\Azure-Kinect-Sensor-SDK\src\image\image.c (51): k4a_image_t_create(). Created   k4a_image_t 01013FB0
[2020-08-25 09:36:16.086] [trace] [t=29024] D:\a\1\s\extern\Azure-Kinect-Sensor-SDK\src\allocator\allocator.c (118): k4a_capture_t_create(). Created   k4a_capture_t 01010A70
[2020-08-25 09:36:16.087] [trace] [t=29024] D:\a\1\s\extern\Azure-Kinect-Sensor-SDK\src\image\image.c (51): k4a_image_t_create(). Created   k4a_image_t 01014010
[2020-08-25 09:36:16.087] [trace] [t=29024] D:\a\1\s\extern\Azure-Kinect-Sensor-SDK\src\image\image.c (51): k4a_image_t_create(). Created   k4a_image_t 01013E90
[2020-08-25 09:36:16.087] [trace] [t=29024] D:\a\1\s\extern\Azure-Kinect-Sensor-SDK\src\image\image.c (51): k4a_image_t_destroy(). Destroyed k4a_image_t 01014010
[2020-08-25 09:36:16.087] [trace] [t=29024] D:\a\1\s\extern\Azure-Kinect-Sensor-SDK\src\image\image.c (51): k4a_image_t_destroy(). Destroyed k4a_image_t 01013E90
[2020-08-25 09:36:16.087] [trace] [t=29024] D:\a\1\s\extern\Azure-Kinect-Sensor-SDK\src\allocator\allocator.c (118): k4a_capture_t_destroy(). Destroyed k4a_capture_t 01010A70
[2020-08-25 09:36:16.087] [trace] [t=29024] D:\a\1\s\extern\Azure-Kinect-Sensor-SDK\src\allocator\allocator.c (118): k4a_capture_t_destroy(). Destroyed k4a_capture_t 01010B10
[2020-08-25 09:36:16.087] [trace] [t=29024] D:\a\1\s\extern\Azure-Kinect-Sensor-SDK\src\image\image.c (51): k4a_image_t_destroy(). Destroyed k4a_image_t 01013D70
[2020-08-25 09:36:16.096] [trace] [t=29024] D:\a\1\s\extern\Azure-Kinect-Sensor-SDK\src\allocator\allocator.c (118): k4a_capture_t_create(). Created   k4a_capture_t 01010A48
[2020-08-25 09:36:16.096] [trace] [t=29024] D:\a\1\s\extern\Azure-Kinect-Sensor-SDK\src\image\image.c (51): k4a_image_t_create(). Created   k4a_image_t 01013D10
[2020-08-25 09:36:16.096] [trace] [t=29024] D:\a\1\s\extern\Azure-Kinect-Sensor-SDK\src\image\image.c (51): k4a_image_t_create(). Created   k4a_image_t 01014370
[2020-08-25 09:36:16.096] [trace] [t=29024] D:\a\1\s\extern\Azure-Kinect-Sensor-SDK\src\image\image.c (51): k4a_image_t_destroy(). Destroyed k4a_image_t 01013D10
[2020-08-25 09:36:16.096] [trace] [t=29024] D:\a\1\s\extern\Azure-Kinect-Sensor-SDK\src\image\image.c (51): k4a_image_t_destroy(). Destroyed k4a_image_t 01014370
[2020-08-25 09:36:16.096] [trace] [t=29024] D:\a\1\s\extern\Azure-Kinect-Sensor-SDK\src\allocator\allocator.c (118): k4a_capture_t_destroy(). Destroyed k4a_capture_t 01010A48
[2020-08-25 09:36:16.096] [trace] [t=29024] D:\a\1\s\extern\Azure-Kinect-Sensor-SDK\src\allocator\allocator.c (118): k4a_capture_t_destroy(). Destroyed k4a_capture_t 01010C28
[2020-08-25 09:36:16.097] [trace] [t=29024] D:\a\1\s\extern\Azure-Kinect-Sensor-SDK\src\image\image.c (51): k4a_image_t_destroy(). Destroyed k4a_image_t 01013DD0
[2020-08-25 09:36:16.106] [trace] [t=29024] D:\a\1\s\extern\Azure-Kinect-Sensor-SDK\src\allocator\allocator.c (118): k4a_capture_t_create(). Created   k4a_capture_t 01010AE8
[2020-08-25 09:36:16.106] [trace] [t=29024] D:\a\1\s\extern\Azure-Kinect-Sensor-SDK\src\image\image.c (51): k4a_image_t_create(). Created   k4a_image_t 010142B0
[2020-08-25 09:36:16.106] [trace] [t=29024] D:\a\1\s\extern\Azure-Kinect-Sensor-SDK\src\image\image.c (51): k4a_image_t_create(). Created   k4a_image_t 010144F0
[2020-08-25 09:36:16.106] [trace] [t=29024] D:\a\1\s\extern\Azure-Kinect-Sensor-SDK\src\image\image.c (51): k4a_image_t_destroy(). Destroyed k4a_image_t 010142B0
[2020-08-25 09:36:16.106] [trace] [t=29024] D:\a\1\s\extern\Azure-Kinect-Sensor-SDK\src\image\image.c (51): k4a_image_t_destroy(). Destroyed k4a_image_t 010144F0
[2020-08-25 09:36:16.106] [trace] [t=29024] D:\a\1\s\extern\Azure-Kinect-Sensor-SDK\src\allocator\allocator.c (118): k4a_capture_t_destroy(). Destroyed k4a_capture_t 01010AE8
[2020-08-25 09:36:16.106] [trace] [t=29024] D:\a\1\s\extern\Azure-Kinect-Sensor-SDK\src\allocator\allocator.c (118): k4a_capture_t_destroy(). Destroyed k4a_capture_t 010108B8
[2020-08-25 09:36:16.107] [trace] [t=29024] D:\a\1\s\extern\Azure-Kinect-Sensor-SDK\src\image\image.c (51): k4a_image_t_destroy(). Destroyed k4a_image_t 01014730
[2020-08-25 09:36:16.116] [trace] [t=34456] D:\a\1\s\extern\Azure-Kinect-Sensor-SDK\src\allocator\allocator.c (118): k4a_capture_t_create(). Created   k4a_capture_t 010108B8
[2020-08-25 09:36:16.116] [trace] [t=34456] D:\a\1\s\extern\Azure-Kinect-Sensor-SDK\src\image\image.c (51): k4a_image_t_create(). Created   k4a_image_t 010145B0
[2020-08-25 09:36:16.126] [trace] [t=29024] D:\a\1\s\extern\Azure-Kinect-Sensor-SDK\src\allocator\allocator.c (118): k4a_capture_t_create(). Created   k4a_capture_t 01010B38
[2020-08-25 09:36:16.126] [trace] [t=29024] D:\a\1\s\extern\Azure-Kinect-Sensor-SDK\src\image\image.c (51): k4a_image_t_create(). Created   k4a_image_t 01014370
[2020-08-25 09:36:16.126] [trace] [t=29024] D:\a\1\s\extern\Azure-Kinect-Sensor-SDK\src\image\image.c (51): k4a_image_t_create(). Created   k4a_image_t 010144F0
[2020-08-25 09:36:16.126] [trace] [t=29024] D:\a\1\s\extern\Azure-Kinect-Sensor-SDK\src\image\image.c (51): k4a_image_t_destroy(). Destroyed k4a_image_t 01014370
[2020-08-25 09:36:16.126] [trace] [t=29024] D:\a\1\s\extern\Azure-Kinect-Sensor-SDK\src\image\image.c (51): k4a_image_t_destroy(). Destroyed k4a_image_t 010144F0
[2020-08-25 09:36:16.126] [trace] [t=29024] D:\a\1\s\extern\Azure-Kinect-Sensor-SDK\src\allocator\allocator.c (118): k4a_capture_t_destroy(). Destroyed k4a_capture_t 01010B38
[2020-08-25 09:36:16.126] [trace] [t=29024] D:\a\1\s\extern\Azure-Kinect-Sensor-SDK\src\allocator\allocator.c (118): k4a_capture_t_destroy(). Destroyed k4a_capture_t 010108B8
[2020-08-25 09:36:16.127] [trace] [t=29024] D:\a\1\s\extern\Azure-Kinect-Sensor-SDK\src\image\image.c (51): k4a_image_t_destroy(). Destroyed k4a_image_t 010141F0
[2020-08-25 09:36:16.441] [info] [t=30660] D:\a\1\s\extern\Azure-Kinect-Sensor-SDK\src\color\mfcamerareader.cpp (1062): OnReadSample(). Dropping color image due to ts:0
[2020-08-25 09:36:16.471] [info] [t=30660] D:\a\1\s\extern\Azure-Kinect-Sensor-SDK\src\color\mfcamerareader.cpp (1062): OnReadSample(). Dropping color image due to ts:0
[2020-08-25 09:36:16.504] [info] [t=30660] D:\a\1\s\extern\Azure-Kinect-Sensor-SDK\src\color\mfcamerareader.cpp (1062): OnReadSample(). Dropping color image due to ts:0
[2020-08-25 09:36:16.583] [info] [t=30660] D:\a\1\s\extern\Azure-Kinect-Sensor-SDK\src\color\mfcamerareader.cpp (1062): OnReadSample(). Dropping color image due to ts:0
[2020-08-25 09:36:16.615] [info] [t=30660] D:\a\1\s\extern\Azure-Kinect-Sensor-SDK\src\color\mfcamerareader.cpp (1062): OnReadSample(). Dropping color image due to ts:0
[2020-08-25 09:36:16.647] [info] [t=30660] D:\a\1\s\extern\Azure-Kinect-Sensor-SDK\src\color\mfcamerareader.cpp (1062): OnReadSample(). Dropping color image due to ts:0
[2020-08-25 09:36:16.679] [info] [t=30660] D:\a\1\s\extern\Azure-Kinect-Sensor-SDK\src\color\mfcamerareader.cpp (1062): OnReadSample(). Dropping color image due to ts:0
[2020-08-25 09:36:16.711] [info] [t=30660] D:\a\1\s\extern\Azure-Kinect-Sensor-SDK\src\color\mfcamerareader.cpp (1062): OnReadSample(). Dropping color image due to ts:0
[2020-08-25 09:36:16.743] [info] [t=11988] D:\a\1\s\extern\Azure-Kinect-Sensor-SDK\src\color\mfcamerareader.cpp (1062): OnReadSample(). Dropping color image due to ts:0
[2020-08-25 09:36:16.776] [trace] [t=11988] D:\a\1\s\extern\Azure-Kinect-Sensor-SDK\src\image\image.c (51): k4a_image_t_create(). Created   k4a_image_t 01014010
[2020-08-25 09:36:16.776] [trace] [t=11988] D:\a\1\s\extern\Azure-Kinect-Sensor-SDK\src\allocator\allocator.c (118): k4a_capture_t_create(). Created   k4a_capture_t 01010D68
[2020-08-25 09:36:16.787] [trace] [t=34456] D:\a\1\s\extern\Azure-Kinect-Sensor-SDK\src\allocator\allocator.c (118): k4a_capture_t_create(). Created   k4a_capture_t 01010CF0
[2020-08-25 09:36:16.787] [trace] [t=34456] D:\a\1\s\extern\Azure-Kinect-Sensor-SDK\src\image\image.c (51): k4a_image_t_create(). Created   k4a_image_t 01014730
[2020-08-25 09:36:16.796] [trace] [t=29024] D:\a\1\s\extern\Azure-Kinect-Sensor-SDK\src\allocator\allocator.c (118): k4a_capture_t_create(). Created   k4a_capture_t 01010C28
[2020-08-25 09:36:16.796] [trace] [t=29024] D:\a\1\s\extern\Azure-Kinect-Sensor-SDK\src\image\image.c (51): k4a_image_t_create(). Created   k4a_image_t 010144F0
[2020-08-25 09:36:16.796] [trace] [t=29024] D:\a\1\s\extern\Azure-Kinect-Sensor-SDK\src\image\image.c (51): k4a_image_t_create(). Created   k4a_image_t 01014370
[2020-08-25 09:36:16.796] [info] [t=29024] D:\a\1\s\extern\Azure-Kinect-Sensor-SDK\src\capturesync\capturesync.c (277): capturesync_add_capture(). Dropped 5 depth captures waiting for time stamps to stabilize
[2020-08-25 09:36:16.796] [info] [t=29024] D:\a\1\s\extern\Azure-Kinect-Sensor-SDK\src\capturesync\capturesync.c (86): drop_sample(). capturesync_drop, Dropping sample TS:    235188 type:Color
[2020-08-25 09:36:16.796] [trace] [t=29024] D:\a\1\s\extern\Azure-Kinect-Sensor-SDK\src\allocator\allocator.c (118): k4a_capture_t_destroy(). Destroyed k4a_capture_t 01010CF0
[2020-08-25 09:36:16.797] [trace] [t=29024] D:\a\1\s\extern\Azure-Kinect-Sensor-SDK\src\image\image.c (51): k4a_image_t_destroy(). Destroyed k4a_image_t 01014310
[2020-08-25 09:36:16.803] [trace] [t=9980] D:\a\1\s\extern\Azure-Kinect-Sensor-SDK\src\image\image.c (51): k4a_image_t_destroy(). Destroyed k4a_image_t 01014010
[2020-08-25 09:36:16.803] [trace] [t=9980] D:\a\1\s\extern\Azure-Kinect-Sensor-SDK\src\allocator\allocator.c (118): k4a_capture_t_destroy(). Destroyed k4a_capture_t 01010D68
[2020-08-25 09:36:16.803] [info] [t=9980] D:\a\1\s\extern\Azure-Kinect-Sensor-SDK\src\sdk\k4a.c (931): k4a_device_stop_cameras(). k4a_device_stop_cameras stopping
[2020-08-25 09:36:16.803] [trace] [t=9980] D:\a\1\s\extern\Azure-Kinect-Sensor-SDK\src\image\image.c (51): k4a_image_t_destroy(). Destroyed k4a_image_t 010144F0
[2020-08-25 09:36:16.803] [trace] [t=9980] D:\a\1\s\extern\Azure-Kinect-Sensor-SDK\src\allocator\allocator.c (118): k4a_capture_t_destroy(). Destroyed k4a_capture_t 01010C28
[2020-08-25 09:36:16.803] [trace] [t=9980] D:\a\1\s\extern\Azure-Kinect-Sensor-SDK\src\image\image.c (51): k4a_image_t_destroy(). Destroyed k4a_image_t 01014370
[2020-08-25 09:36:16.808] [trace] [t=11988] D:\a\1\s\extern\Azure-Kinect-Sensor-SDK\src\image\image.c (51): k4a_image_t_create(). Created   k4a_image_t 010142B0
[2020-08-25 09:36:16.808] [trace] [t=11988] D:\a\1\s\extern\Azure-Kinect-Sensor-SDK\src\allocator\allocator.c (118): k4a_capture_t_create(). Created   k4a_capture_t 01010D68
[2020-08-25 09:36:16.808] [trace] [t=11988] D:\a\1\s\extern\Azure-Kinect-Sensor-SDK\src\image\image.c (51): k4a_image_t_destroy(). Destroyed k4a_image_t 010142B0
[2020-08-25 09:36:16.808] [trace] [t=11988] D:\a\1\s\extern\Azure-Kinect-Sensor-SDK\src\allocator\allocator.c (118): k4a_capture_t_destroy(). Destroyed k4a_capture_t 01010D68
[2020-08-25 09:36:16.821] [trace] [t=34456] D:\a\1\s\extern\Azure-Kinect-Sensor-SDK\src\image\image.c (51): k4a_image_t_destroy(). Destroyed k4a_image_t 01014490
[2020-08-25 09:36:16.822] [trace] [t=34456] D:\a\1\s\extern\Azure-Kinect-Sensor-SDK\src\image\image.c (51): k4a_image_t_destroy(). Destroyed k4a_image_t 01014250
[2020-08-25 09:36:16.822] [trace] [t=34456] D:\a\1\s\extern\Azure-Kinect-Sensor-SDK\src\image\image.c (51): k4a_image_t_destroy(). Destroyed k4a_image_t 01013E30
[2020-08-25 09:36:16.823] [trace] [t=34456] D:\a\1\s\extern\Azure-Kinect-Sensor-SDK\src\image\image.c (51): k4a_image_t_destroy(). Destroyed k4a_image_t 01014670
[2020-08-25 09:36:16.824] [trace] [t=34456] D:\a\1\s\extern\Azure-Kinect-Sensor-SDK\src\image\image.c (51): k4a_image_t_destroy(). Destroyed k4a_image_t 01014430
[2020-08-25 09:36:16.824] [trace] [t=34456] D:\a\1\s\extern\Azure-Kinect-Sensor-SDK\src\image\image.c (51): k4a_image_t_destroy(). Destroyed k4a_image_t 01013FB0
[2020-08-25 09:36:16.825] [trace] [t=34456] D:\a\1\s\extern\Azure-Kinect-Sensor-SDK\src\image\image.c (51): k4a_image_t_destroy(). Destroyed k4a_image_t 010145B0
[2020-08-25 09:36:16.826] [trace] [t=34456] D:\a\1\s\extern\Azure-Kinect-Sensor-SDK\src\image\image.c (51): k4a_image_t_destroy(). Destroyed k4a_image_t 01014730
[2020-08-25 09:36:16.826] [trace] [t=9980] D:\a\1\s\extern\Azure-Kinect-Sensor-SDK\src\usbcommand\usbcommand.c (653): usb_cmd_io(). XFR: Cmd=000000f2, PayloadSize=0
[2020-08-25 09:36:16.829] [trace] [t=9980] D:\a\1\s\extern\Azure-Kinect-Sensor-SDK\src\usbcommand\usbcommand.c (653): usb_cmd_io(). XFR: Cmd=0000000a, PayloadSize=0
[2020-08-25 09:36:16.839] [trace] [t=11988] D:\a\1\s\extern\Azure-Kinect-Sensor-SDK\src\image\image.c (51): k4a_image_t_create(). Created   k4a_image_t 01013F50
[2020-08-25 09:36:16.839] [trace] [t=11988] D:\a\1\s\extern\Azure-Kinect-Sensor-SDK\src\allocator\allocator.c (118): k4a_capture_t_create(). Created   k4a_capture_t 01010DE0
[2020-08-25 09:36:16.839] [trace] [t=11988] D:\a\1\s\extern\Azure-Kinect-Sensor-SDK\src\image\image.c (51): k4a_image_t_destroy(). Destroyed k4a_image_t 01013F50
[2020-08-25 09:36:16.839] [trace] [t=11988] D:\a\1\s\extern\Azure-Kinect-Sensor-SDK\src\allocator\allocator.c (118): k4a_capture_t_destroy(). Destroyed k4a_capture_t 01010DE0
[2020-08-25 09:36:16.843] [info] [t=9980] D:\a\1\s\extern\Azure-Kinect-Sensor-SDK\src\queue\queue.c (278): queue_disable(). Queue "dewrapper" waiting for blocking call to complete.
[2020-08-25 09:36:16.843] [info] [t=29024] D:\a\1\s\extern\Azure-Kinect-Sensor-SDK\src\queue\queue.c (300): queue_stop(). Queue "Queue_capture" stopped, shutting down and notifying consumers.
[2020-08-25 09:36:16.843] [info] [t=29024] D:\a\1\s\extern\Azure-Kinect-Sensor-SDK\src\queue\queue.c (300): queue_stop(). Queue "Queue_depth" stopped, shutting down and notifying consumers.
[2020-08-25 09:36:16.843] [info] [t=29024] D:\a\1\s\extern\Azure-Kinect-Sensor-SDK\src\queue\queue.c (300): queue_stop(). Queue "Queue_color" stopped, shutting down and notifying consumers.
[2020-08-25 09:36:17.264] [info] [t=9980] D:\a\1\s\extern\Azure-Kinect-Sensor-SDK\src\sdk\k4a.c (952): k4a_device_stop_cameras(). k4a_device_stop_cameras stopped
[2020-08-25 09:36:17.264] [trace] [t=9980] D:\a\1\s\extern\Azure-Kinect-Sensor-SDK\src\queue\queue.c (39): queue_t_destroy(). Destroyed queue_t 00F9F050
[2020-08-25 09:36:17.264] [trace] [t=9980] D:\a\1\s\extern\Azure-Kinect-Sensor-SDK\src\imu\imu.c (70): imu_t_destroy(). Destroyed imu_t 00FD15B8
[2020-08-25 09:36:17.470] [trace] [t=9980] D:\a\1\s\extern\Azure-Kinect-Sensor-SDK\src\color\color.cpp (45): color_t_destroy(). Destroyed color_t 00FB51D0
[2020-08-25 09:36:17.470] [trace] [t=9980] D:\a\1\s\extern\Azure-Kinect-Sensor-SDK\src\queue\queue.c (39): queue_t_destroy(). Destroyed queue_t 00FA5C00
[2020-08-25 09:36:17.470] [trace] [t=9980] D:\a\1\s\extern\Azure-Kinect-Sensor-SDK\src\dewrapper\dewrapper.c (57): dewrapper_t_destroy(). Destroyed dewrapper_t 00F87C08
[2020-08-25 09:36:17.471] [trace] [t=9980] D:\a\1\s\extern\Azure-Kinect-Sensor-SDK\src\depth\depth.c (51): depth_t_destroy(). Destroyed depth_t 00F71DB8
[2020-08-25 09:36:17.471] [trace] [t=9980] D:\a\1\s\extern\Azure-Kinect-Sensor-SDK\src\queue\queue.c (39): queue_t_destroy(). Destroyed queue_t 00FA5DF8
[2020-08-25 09:36:17.471] [trace] [t=9980] D:\a\1\s\extern\Azure-Kinect-Sensor-SDK\src\queue\queue.c (39): queue_t_destroy(). Destroyed queue_t 00FA5BC8
[2020-08-25 09:36:17.471] [trace] [t=9980] D:\a\1\s\extern\Azure-Kinect-Sensor-SDK\src\queue\queue.c (39): queue_t_destroy(). Destroyed queue_t 00FA5810
[2020-08-25 09:36:17.471] [trace] [t=9980] D:\a\1\s\extern\Azure-Kinect-Sensor-SDK\src\capturesync\capturesync.c (54): capturesync_t_destroy(). Destroyed capturesync_t 00FB0B98
[2020-08-25 09:36:17.471] [trace] [t=9980] D:\a\1\s\extern\Azure-Kinect-Sensor-SDK\src\calibration\calibration.c (47): calibration_t_destroy(). Destroyed calibration_t 00FEF810
[2020-08-25 09:36:17.471] [trace] [t=9980] d:\a\1\s\extern\azure-kinect-sensor-sdk\src\usbcommand\usb_cmd_priv.h (101): usbcmd_t_destroy(). Destroyed usbcmd_t 00F6E5D0
[2020-08-25 09:36:17.471] [trace] [t=9980] D:\a\1\s\extern\Azure-Kinect-Sensor-SDK\src\depth_mcu\depth_mcu.c (29): depthmcu_t_destroy(). Destroyed depthmcu_t 00F7C948
[2020-08-25 09:36:17.472] [trace] [t=9980] d:\a\1\s\extern\azure-kinect-sensor-sdk\src\usbcommand\usb_cmd_priv.h (101): usbcmd_t_destroy(). Destroyed usbcmd_t 00F6EFF0
[2020-08-25 09:36:17.472] [trace] [t=9980] D:\a\1\s\extern\Azure-Kinect-Sensor-SDK\src\color_mcu\color_mcu.c (41): colormcu_t_destroy(). Destroyed colormcu_t 00F84F90
[2020-08-25 09:36:17.472] [trace] [t=9980] D:\a\1\s\extern\Azure-Kinect-Sensor-SDK\src\sdk\k4a.c (53): k4a_device_t_destroy(). Destroyed k4a_device_t 00F77E68
[2020-08-25 09:36:17.475] [trace] [t=9980] D:\a\1\s\extern\Azure-Kinect-Sensor-SDK\src\dynlib\dynlib_windows.c (22): dynlib_t_destroy(). Destroyed dynlib_t 00FA8268
