

New logging session started

[2020-08-19 15:27:01.798] [trace] [t=23992] D:\a\1\s\extern\Azure-Kinect-Sensor-SDK\src\sdk\k4a.c (53): k4a_device_t_create(). Created   k4a_device_t 008469A8
[2020-08-19 15:27:01.798] [trace] [t=23992] D:\a\1\s\extern\Azure-Kinect-Sensor-SDK\src\depth_mcu\depth_mcu.c (29): depthmcu_t_create(). Created   depthmcu_t 0084BF78
[2020-08-19 15:27:01.798] [trace] [t=23992] d:\a\1\s\extern\azure-kinect-sensor-sdk\src\usbcommand\usb_cmd_priv.h (101): usbcmd_t_create(). Created   usbcmd_t 008418C8
[2020-08-19 15:27:02.454] [info] [t=23992] D:\a\1\s\extern\Azure-Kinect-Sensor-SDK\src\usbcommand\usbcommand.c (343): find_libusb_device(). Container ID found: {f2b3961e-d8b4-46b0-d6b0-b99ac2e63b95} 
[2020-08-19 15:27:02.457] [info] [t=23992] D:\a\1\s\extern\Azure-Kinect-Sensor-SDK\src\usbcommand\usbcommand.c (224): populate_serialnumber(). Serial Number found 001170594512
[2020-08-19 15:27:02.458] [trace] [t=23992] D:\a\1\s\extern\Azure-Kinect-Sensor-SDK\src\usbcommand\usbcommand.c (653): usb_cmd_io(). XFR: Cmd=00000115, PayloadSize=255
[2020-08-19 15:27:02.474] [trace] [t=23992] D:\a\1\s\extern\Azure-Kinect-Sensor-SDK\src\color_mcu\color_mcu.c (41): colormcu_t_create(). Created   colormcu_t 008546F8
[2020-08-19 15:27:02.474] [trace] [t=23992] d:\a\1\s\extern\azure-kinect-sensor-sdk\src\usbcommand\usb_cmd_priv.h (101): usbcmd_t_create(). Created   usbcmd_t 00840D88
[2020-08-19 15:27:02.643] [info] [t=23992] D:\a\1\s\extern\Azure-Kinect-Sensor-SDK\src\usbcommand\usbcommand.c (343): find_libusb_device(). Container ID found: {f2b3961e-d8b4-46b0-d6b0-b99ac2e63b95} 
[2020-08-19 15:27:02.644] [info] [t=23992] D:\a\1\s\extern\Azure-Kinect-Sensor-SDK\src\usbcommand\usbcommand.c (224): populate_serialnumber(). Serial Number found 001170594512
[2020-08-19 15:27:02.645] [trace] [t=23992] D:\a\1\s\extern\Azure-Kinect-Sensor-SDK\src\calibration\calibration.c (47): calibration_t_create(). Created   calibration_t 0086F268
[2020-08-19 15:27:02.645] [trace] [t=23992] D:\a\1\s\extern\Azure-Kinect-Sensor-SDK\src\usbcommand\usbcommand.c (653): usb_cmd_io(). XFR: Cmd=00000111, PayloadSize=10240
[2020-08-19 15:27:02.665] [trace] [t=23992] D:\a\1\s\extern\Azure-Kinect-Sensor-SDK\src\capturesync\capturesync.c (54): capturesync_t_create(). Created   capturesync_t 0088A740
[2020-08-19 15:27:02.665] [trace] [t=23992] D:\a\1\s\extern\Azure-Kinect-Sensor-SDK\src\queue\queue.c (39): queue_t_create(). Created   queue_t 00875370
[2020-08-19 15:27:02.665] [trace] [t=23992] D:\a\1\s\extern\Azure-Kinect-Sensor-SDK\src\queue\queue.c (39): queue_t_create(). Created   queue_t 008755D8
[2020-08-19 15:27:02.666] [trace] [t=23992] D:\a\1\s\extern\Azure-Kinect-Sensor-SDK\src\queue\queue.c (39): queue_t_create(). Created   queue_t 00875680
[2020-08-19 15:27:02.666] [trace] [t=23992] D:\a\1\s\extern\Azure-Kinect-Sensor-SDK\src\depth\depth.c (51): depth_t_create(). Created   depth_t 00877668
[2020-08-19 15:27:02.666] [trace] [t=23992] D:\a\1\s\extern\Azure-Kinect-Sensor-SDK\src\usbcommand\usbcommand.c (653): usb_cmd_io(). XFR: Cmd=00000201, PayloadSize=18
[2020-08-19 15:27:02.667] [trace] [t=23992] D:\a\1\s\extern\Azure-Kinect-Sensor-SDK\src\usbcommand\usbcommand.c (653): usb_cmd_io(). XFR: Cmd=00000201, PayloadSize=18
[2020-08-19 15:27:02.673] [critical] [t=23992] D:\a\1\s\extern\Azure-Kinect-Sensor-SDK\src\depth\depth.c (225): ******************** Device Info ********************
[2020-08-19 15:27:02.673] [critical] [t=23992] D:\a\1\s\extern\Azure-Kinect-Sensor-SDK\src\depth\depth.c (226): K4A SDK version:     1.4.1
[2020-08-19 15:27:02.674] [trace] [t=23992] D:\a\1\s\extern\Azure-Kinect-Sensor-SDK\src\usbcommand\usbcommand.c (653): usb_cmd_io(). XFR: Cmd=00000115, PayloadSize=255
[2020-08-19 15:27:02.698] [critical] [t=23992] D:\a\1\s\extern\Azure-Kinect-Sensor-SDK\src\depth\depth.c (232): Serial Number:       001170594512
[2020-08-19 15:27:02.698] [critical] [t=23992] D:\a\1\s\extern\Azure-Kinect-Sensor-SDK\src\depth\depth.c (236): RGB Sensor Version:  1.6.110
[2020-08-19 15:27:02.698] [critical] [t=23992] D:\a\1\s\extern\Azure-Kinect-Sensor-SDK\src\depth\depth.c (239): Depth Sensor Version:1.6.79
[2020-08-19 15:27:02.698] [critical] [t=23992] D:\a\1\s\extern\Azure-Kinect-Sensor-SDK\src\depth\depth.c (242): Mic Array Version:   1.6.14
[2020-08-19 15:27:02.698] [critical] [t=23992] D:\a\1\s\extern\Azure-Kinect-Sensor-SDK\src\depth\depth.c (245): Sensor Config:       6109.7
[2020-08-19 15:27:02.698] [critical] [t=23992] D:\a\1\s\extern\Azure-Kinect-Sensor-SDK\src\depth\depth.c (248): Build type:          Release
[2020-08-19 15:27:02.699] [critical] [t=23992] D:\a\1\s\extern\Azure-Kinect-Sensor-SDK\src\depth\depth.c (253): Signature type:      MSFT
[2020-08-19 15:27:02.699] [critical] [t=23992] D:\a\1\s\extern\Azure-Kinect-Sensor-SDK\src\depth\depth.c (259): ****************************************************
[2020-08-19 15:27:02.699] [trace] [t=23992] D:\a\1\s\extern\Azure-Kinect-Sensor-SDK\src\dewrapper\dewrapper.c (57): dewrapper_t_create(). Created   dewrapper_t 00856D98
[2020-08-19 15:27:02.699] [trace] [t=23992] D:\a\1\s\extern\Azure-Kinect-Sensor-SDK\src\queue\queue.c (39): queue_t_create(). Created   queue_t 00875530
[2020-08-19 15:27:02.699] [trace] [t=23992] D:\a\1\s\extern\Azure-Kinect-Sensor-SDK\src\usbcommand\usbcommand.c (653): usb_cmd_io(). XFR: Cmd=000000f2, PayloadSize=0
[2020-08-19 15:27:02.704] [trace] [t=23992] D:\a\1\s\extern\Azure-Kinect-Sensor-SDK\src\usbcommand\usbcommand.c (653): usb_cmd_io(). XFR: Cmd=0000000a, PayloadSize=0
[2020-08-19 15:27:02.708] [trace] [t=23992] D:\a\1\s\extern\Azure-Kinect-Sensor-SDK\src\color\color.cpp (45): color_t_create(). Created   color_t 008843E0
[2020-08-19 15:27:02.973] [trace] [t=23992] D:\a\1\s\extern\Azure-Kinect-Sensor-SDK\src\imu\imu.c (70): imu_t_create(). Created   imu_t 0089CE68
[2020-08-19 15:27:02.973] [trace] [t=23992] D:\a\1\s\extern\Azure-Kinect-Sensor-SDK\src\queue\queue.c (39): queue_t_create(). Created   queue_t 008C48E0
[2020-08-19 15:27:02.973] [trace] [t=23992] D:\a\1\s\extern\Azure-Kinect-Sensor-SDK\src\usbcommand\usbcommand.c (653): usb_cmd_io(). XFR: Cmd=80000004, PayloadSize=0
[2020-08-19 15:27:02.974] [trace] [t=23992] D:\a\1\s\extern\Azure-Kinect-Sensor-SDK\src\sdk\k4a.c (850): k4a_device_start_cameras(). k4a_device_start_cameras starting
[2020-08-19 15:27:02.974] [info] [t=23992] D:\a\1\s\extern\Azure-Kinect-Sensor-SDK\src\sdk\k4a.c (868): k4a_device_start_cameras(). Starting camera's with the following config.
[2020-08-19 15:27:02.974] [info] [t=23992] D:\a\1\s\extern\Azure-Kinect-Sensor-SDK\src\sdk\k4a.c (869): k4a_device_start_cameras().     color_format:0
[2020-08-19 15:27:02.974] [info] [t=23992] D:\a\1\s\extern\Azure-Kinect-Sensor-SDK\src\sdk\k4a.c (870): k4a_device_start_cameras().     color_resolution:5
[2020-08-19 15:27:02.974] [info] [t=23992] D:\a\1\s\extern\Azure-Kinect-Sensor-SDK\src\sdk\k4a.c (871): k4a_device_start_cameras().     depth_mode:2
[2020-08-19 15:27:02.974] [info] [t=23992] D:\a\1\s\extern\Azure-Kinect-Sensor-SDK\src\sdk\k4a.c (872): k4a_device_start_cameras().     camera_fps:2
[2020-08-19 15:27:02.974] [info] [t=23992] D:\a\1\s\extern\Azure-Kinect-Sensor-SDK\src\sdk\k4a.c (873): k4a_device_start_cameras().     synchronized_images_only:0
[2020-08-19 15:27:02.974] [info] [t=23992] D:\a\1\s\extern\Azure-Kinect-Sensor-SDK\src\sdk\k4a.c (874): k4a_device_start_cameras().     depth_delay_off_color_usec:0
[2020-08-19 15:27:02.974] [info] [t=23992] D:\a\1\s\extern\Azure-Kinect-Sensor-SDK\src\sdk\k4a.c (875): k4a_device_start_cameras().     wired_sync_mode:0
[2020-08-19 15:27:02.974] [info] [t=23992] D:\a\1\s\extern\Azure-Kinect-Sensor-SDK\src\sdk\k4a.c (876): k4a_device_start_cameras().     subordinate_delay_off_master_usec:0
[2020-08-19 15:27:02.974] [info] [t=23992] D:\a\1\s\extern\Azure-Kinect-Sensor-SDK\src\sdk\k4a.c (877): k4a_device_start_cameras().     disable_streaming_indicator:0
[2020-08-19 15:27:02.974] [trace] [t=23992] D:\a\1\s\extern\Azure-Kinect-Sensor-SDK\src\usbcommand\usbcommand.c (649): usb_cmd_io(). XFR: Cmd=80000001, CmdLength=13, PayloadSize=0, CmdData=00000000 00000000...
[2020-08-19 15:27:02.986] [trace] [t=23992] D:\a\1\s\extern\Azure-Kinect-Sensor-SDK\src\usbcommand\usbcommand.c (649): usb_cmd_io(). XFR: Cmd=000000e1, CmdLength=4, PayloadSize=0, CmdData=00000004 00000002...
[2020-08-19 15:27:02.986] [trace] [t=23992] D:\a\1\s\extern\Azure-Kinect-Sensor-SDK\src\usbcommand\usbcommand.c (649): usb_cmd_io(). XFR: Cmd=00000022, CmdLength=4, PayloadSize=2000000, CmdData=00000002 02589020...
[2020-08-19 15:27:03.037] [trace] [t=30280] D:\a\1\s\extern\Azure-Kinect-Sensor-SDK\src\dynlib\dynlib_windows.c (22): dynlib_t_create(). Created   dynlib_t 0087AB40
[2020-08-19 15:27:03.040] [info] [t=30280] D:\a\1\s\extern\Azure-Kinect-Sensor-SDK\src\dynlib\dynlib_windows.c (131): dynlib_create(). Depth Engine loaded C:\Users\const\source\repos\Azure_Kinect_Controller\Debug\depthengine_2_0.DLL
[2020-08-19 15:27:03.040] [info] [t=30280] D:\a\1\s\extern\Azure-Kinect-Sensor-SDK\src\deloader\deloader.cpp (51): verify_plugin(). Loaded Depth Engine version: 2.1.3
[2020-08-19 15:27:04.857] [trace] [t=23992] D:\a\1\s\extern\Azure-Kinect-Sensor-SDK\src\usbcommand\usbcommand.c (649): usb_cmd_io(). XFR: Cmd=00000103, CmdLength=4, PayloadSize=0, CmdData=0000001e 00000002...
[2020-08-19 15:27:04.858] [trace] [t=23992] D:\a\1\s\extern\Azure-Kinect-Sensor-SDK\src\usbcommand\usbcommand.c (653): usb_cmd_io(). XFR: Cmd=00000009, PayloadSize=0
[2020-08-19 15:27:04.860] [trace] [t=23992] D:\a\1\s\extern\Azure-Kinect-Sensor-SDK\src\usbcommand\usbcommand.c (653): usb_cmd_io(). XFR: Cmd=000000f1, PayloadSize=0
[2020-08-19 15:27:04.876] [info] [t=23992] D:\a\1\s\extern\Azure-Kinect-Sensor-SDK\src\sdk\k4a.c (916): k4a_device_start_cameras(). k4a_device_start_cameras started
[2020-08-19 15:27:04.910] [trace] [t=25448] D:\a\1\s\extern\Azure-Kinect-Sensor-SDK\src\image\image.c (51): k4a_image_t_create(). Created   k4a_image_t 008E2720
[2020-08-19 15:27:04.913] [trace] [t=25448] D:\a\1\s\extern\Azure-Kinect-Sensor-SDK\src\image\image.c (51): k4a_image_t_create(). Created   k4a_image_t 008E1F40
[2020-08-19 15:27:04.915] [trace] [t=25448] D:\a\1\s\extern\Azure-Kinect-Sensor-SDK\src\image\image.c (51): k4a_image_t_create(). Created   k4a_image_t 008E2540
[2020-08-19 15:27:04.916] [trace] [t=25448] D:\a\1\s\extern\Azure-Kinect-Sensor-SDK\src\image\image.c (51): k4a_image_t_create(). Created   k4a_image_t 008E2000
[2020-08-19 15:27:04.918] [trace] [t=25448] D:\a\1\s\extern\Azure-Kinect-Sensor-SDK\src\image\image.c (51): k4a_image_t_create(). Created   k4a_image_t 008E2780
[2020-08-19 15:27:04.920] [trace] [t=25448] D:\a\1\s\extern\Azure-Kinect-Sensor-SDK\src\image\image.c (51): k4a_image_t_create(). Created   k4a_image_t 008E1DC0
[2020-08-19 15:27:04.921] [trace] [t=25448] D:\a\1\s\extern\Azure-Kinect-Sensor-SDK\src\image\image.c (51): k4a_image_t_create(). Created   k4a_image_t 008E2360
[2020-08-19 15:27:04.923] [trace] [t=25448] D:\a\1\s\extern\Azure-Kinect-Sensor-SDK\src\image\image.c (51): k4a_image_t_create(). Created   k4a_image_t 008E25A0
[2020-08-19 15:27:04.935] [trace] [t=25448] D:\a\1\s\extern\Azure-Kinect-Sensor-SDK\src\allocator\allocator.c (118): k4a_capture_t_create(). Created   k4a_capture_t 008DE308
[2020-08-19 15:27:04.935] [trace] [t=25448] D:\a\1\s\extern\Azure-Kinect-Sensor-SDK\src\image\image.c (51): k4a_image_t_create(). Created   k4a_image_t 008E2420
[2020-08-19 15:27:04.963] [trace] [t=25448] D:\a\1\s\extern\Azure-Kinect-Sensor-SDK\src\allocator\allocator.c (118): k4a_capture_t_create(). Created   k4a_capture_t 008DE470
[2020-08-19 15:27:04.963] [trace] [t=25448] D:\a\1\s\extern\Azure-Kinect-Sensor-SDK\src\image\image.c (51): k4a_image_t_create(). Created   k4a_image_t 008E24E0
[2020-08-19 15:27:05.011] [trace] [t=25448] D:\a\1\s\extern\Azure-Kinect-Sensor-SDK\src\allocator\allocator.c (118): k4a_capture_t_create(). Created   k4a_capture_t 008DE830
[2020-08-19 15:27:05.011] [trace] [t=25448] D:\a\1\s\extern\Azure-Kinect-Sensor-SDK\src\image\image.c (51): k4a_image_t_create(). Created   k4a_image_t 008E1E20
[2020-08-19 15:27:05.031] [trace] [t=25448] D:\a\1\s\extern\Azure-Kinect-Sensor-SDK\src\allocator\allocator.c (118): k4a_capture_t_create(). Created   k4a_capture_t 008DE8A8
[2020-08-19 15:27:05.032] [trace] [t=25448] D:\a\1\s\extern\Azure-Kinect-Sensor-SDK\src\image\image.c (51): k4a_image_t_destroy(). Destroyed k4a_image_t 008E1F40
[2020-08-19 15:27:05.032] [trace] [t=25448] D:\a\1\s\extern\Azure-Kinect-Sensor-SDK\src\allocator\allocator.c (118): k4a_capture_t_destroy(). Destroyed k4a_capture_t 008DE470
[2020-08-19 15:27:05.032] [trace] [t=25448] D:\a\1\s\extern\Azure-Kinect-Sensor-SDK\src\image\image.c (51): k4a_image_t_create(). Created   k4a_image_t 008E1CA0
[2020-08-19 15:27:05.063] [trace] [t=25448] D:\a\1\s\extern\Azure-Kinect-Sensor-SDK\src\allocator\allocator.c (118): k4a_capture_t_create(). Created   k4a_capture_t 008DE8D0
[2020-08-19 15:27:05.064] [trace] [t=25448] D:\a\1\s\extern\Azure-Kinect-Sensor-SDK\src\image\image.c (51): k4a_image_t_destroy(). Destroyed k4a_image_t 008E2540
[2020-08-19 15:27:05.064] [trace] [t=25448] D:\a\1\s\extern\Azure-Kinect-Sensor-SDK\src\allocator\allocator.c (118): k4a_capture_t_destroy(). Destroyed k4a_capture_t 008DE830
[2020-08-19 15:27:05.064] [trace] [t=25448] D:\a\1\s\extern\Azure-Kinect-Sensor-SDK\src\image\image.c (51): k4a_image_t_create(). Created   k4a_image_t 008E2480
[2020-08-19 15:27:05.100] [trace] [t=25448] D:\a\1\s\extern\Azure-Kinect-Sensor-SDK\src\allocator\allocator.c (118): k4a_capture_t_create(). Created   k4a_capture_t 008DE880
[2020-08-19 15:27:05.101] [trace] [t=25448] D:\a\1\s\extern\Azure-Kinect-Sensor-SDK\src\image\image.c (51): k4a_image_t_destroy(). Destroyed k4a_image_t 008E2000
[2020-08-19 15:27:05.101] [trace] [t=25448] D:\a\1\s\extern\Azure-Kinect-Sensor-SDK\src\allocator\allocator.c (118): k4a_capture_t_destroy(). Destroyed k4a_capture_t 008DE8A8
[2020-08-19 15:27:05.101] [trace] [t=25448] D:\a\1\s\extern\Azure-Kinect-Sensor-SDK\src\image\image.c (51): k4a_image_t_create(). Created   k4a_image_t 008E1BE0
[2020-08-19 15:27:05.264] [warning] [t=30280] D:\a\1\s\extern\Azure-Kinect-Sensor-SDK\src\dewrapper\dewrapper.c (278): depth_engine_thread(). Depth image processing is too slow at 329ms (this may be transient).
[2020-08-19 15:27:05.265] [trace] [t=30280] D:\a\1\s\extern\Azure-Kinect-Sensor-SDK\src\allocator\allocator.c (118): k4a_capture_t_create(). Created   k4a_capture_t 008DE7E0
[2020-08-19 15:27:05.265] [trace] [t=30280] D:\a\1\s\extern\Azure-Kinect-Sensor-SDK\src\image\image.c (51): k4a_image_t_create(). Created   k4a_image_t 008E2540
[2020-08-19 15:27:05.265] [trace] [t=30280] D:\a\1\s\extern\Azure-Kinect-Sensor-SDK\src\image\image.c (51): k4a_image_t_create(). Created   k4a_image_t 008E21E0
[2020-08-19 15:27:05.265] [trace] [t=30280] D:\a\1\s\extern\Azure-Kinect-Sensor-SDK\src\image\image.c (51): k4a_image_t_destroy(). Destroyed k4a_image_t 008E2540
[2020-08-19 15:27:05.266] [trace] [t=30280] D:\a\1\s\extern\Azure-Kinect-Sensor-SDK\src\image\image.c (51): k4a_image_t_destroy(). Destroyed k4a_image_t 008E21E0
[2020-08-19 15:27:05.266] [trace] [t=30280] D:\a\1\s\extern\Azure-Kinect-Sensor-SDK\src\allocator\allocator.c (118): k4a_capture_t_destroy(). Destroyed k4a_capture_t 008DE7E0
[2020-08-19 15:27:05.266] [trace] [t=30280] D:\a\1\s\extern\Azure-Kinect-Sensor-SDK\src\allocator\allocator.c (118): k4a_capture_t_destroy(). Destroyed k4a_capture_t 008DE308
[2020-08-19 15:27:05.268] [trace] [t=30280] D:\a\1\s\extern\Azure-Kinect-Sensor-SDK\src\image\image.c (51): k4a_image_t_destroy(). Destroyed k4a_image_t 008E2720
[2020-08-19 15:27:05.268] [info] [t=30280] D:\a\1\s\extern\Azure-Kinect-Sensor-SDK\src\queue\queue.c (170): queue_pop(). Queue "dewrapper" dropped oldest 3 captures from queue.
[2020-08-19 15:27:05.327] [warning] [t=30280] D:\a\1\s\extern\Azure-Kinect-Sensor-SDK\src\dewrapper\dewrapper.c (278): depth_engine_thread(). Depth image processing is too slow at 60ms (this may be transient).
[2020-08-19 15:27:05.327] [trace] [t=30280] D:\a\1\s\extern\Azure-Kinect-Sensor-SDK\src\allocator\allocator.c (118): k4a_capture_t_create(). Created   k4a_capture_t 008DE600
[2020-08-19 15:27:05.327] [trace] [t=30280] D:\a\1\s\extern\Azure-Kinect-Sensor-SDK\src\image\image.c (51): k4a_image_t_create(). Created   k4a_image_t 008E1E80
[2020-08-19 15:27:05.327] [trace] [t=30280] D:\a\1\s\extern\Azure-Kinect-Sensor-SDK\src\image\image.c (51): k4a_image_t_create(). Created   k4a_image_t 008E21E0
[2020-08-19 15:27:05.327] [trace] [t=30280] D:\a\1\s\extern\Azure-Kinect-Sensor-SDK\src\image\image.c (51): k4a_image_t_destroy(). Destroyed k4a_image_t 008E1E80
[2020-08-19 15:27:05.328] [trace] [t=30280] D:\a\1\s\extern\Azure-Kinect-Sensor-SDK\src\image\image.c (51): k4a_image_t_destroy(). Destroyed k4a_image_t 008E21E0
[2020-08-19 15:27:05.328] [trace] [t=30280] D:\a\1\s\extern\Azure-Kinect-Sensor-SDK\src\allocator\allocator.c (118): k4a_capture_t_destroy(). Destroyed k4a_capture_t 008DE600
[2020-08-19 15:27:05.328] [trace] [t=30280] D:\a\1\s\extern\Azure-Kinect-Sensor-SDK\src\allocator\allocator.c (118): k4a_capture_t_destroy(). Destroyed k4a_capture_t 008DE8D0
[2020-08-19 15:27:05.330] [trace] [t=30280] D:\a\1\s\extern\Azure-Kinect-Sensor-SDK\src\image\image.c (51): k4a_image_t_destroy(). Destroyed k4a_image_t 008E2780
[2020-08-19 15:27:05.354] [trace] [t=30280] D:\a\1\s\extern\Azure-Kinect-Sensor-SDK\src\allocator\allocator.c (118): k4a_capture_t_create(). Created   k4a_capture_t 008DE858
[2020-08-19 15:27:05.354] [trace] [t=30280] D:\a\1\s\extern\Azure-Kinect-Sensor-SDK\src\image\image.c (51): k4a_image_t_create(). Created   k4a_image_t 008E2540
[2020-08-19 15:27:05.354] [trace] [t=30280] D:\a\1\s\extern\Azure-Kinect-Sensor-SDK\src\image\image.c (51): k4a_image_t_create(). Created   k4a_image_t 008E1D00
[2020-08-19 15:27:05.354] [trace] [t=30280] D:\a\1\s\extern\Azure-Kinect-Sensor-SDK\src\image\image.c (51): k4a_image_t_destroy(). Destroyed k4a_image_t 008E2540
[2020-08-19 15:27:05.354] [trace] [t=30280] D:\a\1\s\extern\Azure-Kinect-Sensor-SDK\src\image\image.c (51): k4a_image_t_destroy(). Destroyed k4a_image_t 008E1D00
[2020-08-19 15:27:05.355] [trace] [t=30280] D:\a\1\s\extern\Azure-Kinect-Sensor-SDK\src\allocator\allocator.c (118): k4a_capture_t_destroy(). Destroyed k4a_capture_t 008DE858
[2020-08-19 15:27:05.355] [trace] [t=30280] D:\a\1\s\extern\Azure-Kinect-Sensor-SDK\src\allocator\allocator.c (118): k4a_capture_t_destroy(). Destroyed k4a_capture_t 008DE880
[2020-08-19 15:27:05.357] [trace] [t=30280] D:\a\1\s\extern\Azure-Kinect-Sensor-SDK\src\image\image.c (51): k4a_image_t_destroy(). Destroyed k4a_image_t 008E1DC0
[2020-08-19 15:27:05.425] [info] [t=21392] D:\a\1\s\extern\Azure-Kinect-Sensor-SDK\src\color\mfcamerareader.cpp (1062): OnReadSample(). Dropping color image due to ts:0
[2020-08-19 15:27:05.464] [info] [t=21392] D:\a\1\s\extern\Azure-Kinect-Sensor-SDK\src\color\mfcamerareader.cpp (1062): OnReadSample(). Dropping color image due to ts:0
[2020-08-19 15:27:05.505] [info] [t=21392] D:\a\1\s\extern\Azure-Kinect-Sensor-SDK\src\color\mfcamerareader.cpp (1062): OnReadSample(). Dropping color image due to ts:0
[2020-08-19 15:27:05.568] [info] [t=21392] D:\a\1\s\extern\Azure-Kinect-Sensor-SDK\src\color\mfcamerareader.cpp (1062): OnReadSample(). Dropping color image due to ts:0
[2020-08-19 15:27:05.602] [info] [t=21392] D:\a\1\s\extern\Azure-Kinect-Sensor-SDK\src\color\mfcamerareader.cpp (1062): OnReadSample(). Dropping color image due to ts:0
[2020-08-19 15:27:05.640] [info] [t=21392] D:\a\1\s\extern\Azure-Kinect-Sensor-SDK\src\color\mfcamerareader.cpp (1062): OnReadSample(). Dropping color image due to ts:0
[2020-08-19 15:27:05.703] [info] [t=21392] D:\a\1\s\extern\Azure-Kinect-Sensor-SDK\src\color\mfcamerareader.cpp (1062): OnReadSample(). Dropping color image due to ts:0
[2020-08-19 15:27:05.706] [info] [t=21392] D:\a\1\s\extern\Azure-Kinect-Sensor-SDK\src\color\mfcamerareader.cpp (1062): OnReadSample(). Dropping color image due to ts:0
[2020-08-19 15:27:05.757] [info] [t=21392] D:\a\1\s\extern\Azure-Kinect-Sensor-SDK\src\color\mfcamerareader.cpp (1062): OnReadSample(). Dropping color image due to ts:0
[2020-08-19 15:27:05.767] [trace] [t=25448] D:\a\1\s\extern\Azure-Kinect-Sensor-SDK\src\allocator\allocator.c (118): k4a_capture_t_create(). Created   k4a_capture_t 008DE8F8
[2020-08-19 15:27:05.767] [trace] [t=25448] D:\a\1\s\extern\Azure-Kinect-Sensor-SDK\src\image\image.c (51): k4a_image_t_create(). Created   k4a_image_t 008E2120
[2020-08-19 15:27:05.781] [trace] [t=21392] D:\a\1\s\extern\Azure-Kinect-Sensor-SDK\src\image\image.c (51): k4a_image_t_create(). Created   k4a_image_t 008E2180
[2020-08-19 15:27:05.781] [trace] [t=21392] D:\a\1\s\extern\Azure-Kinect-Sensor-SDK\src\allocator\allocator.c (118): k4a_capture_t_create(). Created   k4a_capture_t 008DE510
[2020-08-19 15:27:05.785] [trace] [t=30280] D:\a\1\s\extern\Azure-Kinect-Sensor-SDK\src\allocator\allocator.c (118): k4a_capture_t_create(). Created   k4a_capture_t 008DE628
[2020-08-19 15:27:05.785] [trace] [t=30280] D:\a\1\s\extern\Azure-Kinect-Sensor-SDK\src\image\image.c (51): k4a_image_t_create(). Created   k4a_image_t 008E1C40
[2020-08-19 15:27:05.785] [trace] [t=30280] D:\a\1\s\extern\Azure-Kinect-Sensor-SDK\src\image\image.c (51): k4a_image_t_create(). Created   k4a_image_t 008E2540
[2020-08-19 15:27:05.785] [info] [t=30280] D:\a\1\s\extern\Azure-Kinect-Sensor-SDK\src\capturesync\capturesync.c (277): capturesync_add_capture(). Dropped 3 depth captures waiting for time stamps to stabilize
[2020-08-19 15:27:05.785] [info] [t=30280] D:\a\1\s\extern\Azure-Kinect-Sensor-SDK\src\capturesync\capturesync.c (86): drop_sample(). capturesync_drop, Dropping sample TS:    233544 type:Color
[2020-08-19 15:27:05.785] [trace] [t=30280] D:\a\1\s\extern\Azure-Kinect-Sensor-SDK\src\allocator\allocator.c (118): k4a_capture_t_destroy(). Destroyed k4a_capture_t 008DE8F8
[2020-08-19 15:27:05.787] [trace] [t=30280] D:\a\1\s\extern\Azure-Kinect-Sensor-SDK\src\image\image.c (51): k4a_image_t_destroy(). Destroyed k4a_image_t 008E2360
[2020-08-19 15:27:05.803] [trace] [t=25448] D:\a\1\s\extern\Azure-Kinect-Sensor-SDK\src\allocator\allocator.c (118): k4a_capture_t_create(). Created   k4a_capture_t 008DE678
[2020-08-19 15:27:05.804] [trace] [t=25448] D:\a\1\s\extern\Azure-Kinect-Sensor-SDK\src\image\image.c (51): k4a_image_t_create(). Created   k4a_image_t 008E21E0
[2020-08-19 15:27:05.821] [trace] [t=30280] D:\a\1\s\extern\Azure-Kinect-Sensor-SDK\src\allocator\allocator.c (118): k4a_capture_t_create(). Created   k4a_capture_t 008DE4E8
[2020-08-19 15:27:05.821] [trace] [t=30280] D:\a\1\s\extern\Azure-Kinect-Sensor-SDK\src\image\image.c (51): k4a_image_t_create(). Created   k4a_image_t 008E2600
[2020-08-19 15:27:05.821] [trace] [t=30280] D:\a\1\s\extern\Azure-Kinect-Sensor-SDK\src\image\image.c (51): k4a_image_t_create(). Created   k4a_image_t 008E2720
[2020-08-19 15:27:05.821] [trace] [t=30280] D:\a\1\s\extern\Azure-Kinect-Sensor-SDK\src\allocator\allocator.c (118): k4a_capture_t_destroy(). Destroyed k4a_capture_t 008DE678
[2020-08-19 15:27:05.823] [trace] [t=30280] D:\a\1\s\extern\Azure-Kinect-Sensor-SDK\src\image\image.c (51): k4a_image_t_destroy(). Destroyed k4a_image_t 008E25A0
[2020-08-19 15:27:05.826] [trace] [t=21392] D:\a\1\s\extern\Azure-Kinect-Sensor-SDK\src\image\image.c (51): k4a_image_t_create(). Created   k4a_image_t 008E1D00
[2020-08-19 15:27:05.826] [trace] [t=21392] D:\a\1\s\extern\Azure-Kinect-Sensor-SDK\src\allocator\allocator.c (118): k4a_capture_t_create(). Created   k4a_capture_t 008DE8A8
[2020-08-19 15:27:05.826] [trace] [t=21392] D:\a\1\s\extern\Azure-Kinect-Sensor-SDK\src\allocator\allocator.c (118): k4a_capture_t_destroy(). Destroyed k4a_capture_t 008DE8A8
[2020-08-19 15:27:05.833] [trace] [t=25448] D:\a\1\s\extern\Azure-Kinect-Sensor-SDK\src\allocator\allocator.c (118): k4a_capture_t_create(). Created   k4a_capture_t 008DE470
[2020-08-19 15:27:05.833] [trace] [t=25448] D:\a\1\s\extern\Azure-Kinect-Sensor-SDK\src\image\image.c (51): k4a_image_t_create(). Created   k4a_image_t 008E25A0
[2020-08-19 15:27:05.838] [trace] [t=21392] D:\a\1\s\extern\Azure-Kinect-Sensor-SDK\src\image\image.c (51): k4a_image_t_create(). Created   k4a_image_t 008E2780
[2020-08-19 15:27:05.839] [trace] [t=21392] D:\a\1\s\extern\Azure-Kinect-Sensor-SDK\src\allocator\allocator.c (118): k4a_capture_t_create(). Created   k4a_capture_t 008DE498
[2020-08-19 15:27:05.839] [trace] [t=21392] D:\a\1\s\extern\Azure-Kinect-Sensor-SDK\src\allocator\allocator.c (118): k4a_capture_t_destroy(). Destroyed k4a_capture_t 008DE498
[2020-08-19 15:27:05.849] [trace] [t=30280] D:\a\1\s\extern\Azure-Kinect-Sensor-SDK\src\allocator\allocator.c (118): k4a_capture_t_create(). Created   k4a_capture_t 008DE498
[2020-08-19 15:27:05.849] [trace] [t=30280] D:\a\1\s\extern\Azure-Kinect-Sensor-SDK\src\image\image.c (51): k4a_image_t_create(). Created   k4a_image_t 008E1D60
[2020-08-19 15:27:05.849] [trace] [t=30280] D:\a\1\s\extern\Azure-Kinect-Sensor-SDK\src\image\image.c (51): k4a_image_t_create(). Created   k4a_image_t 008E1DC0
[2020-08-19 15:27:05.849] [trace] [t=30280] D:\a\1\s\extern\Azure-Kinect-Sensor-SDK\src\allocator\allocator.c (118): k4a_capture_t_destroy(). Destroyed k4a_capture_t 008DE470
[2020-08-19 15:27:05.851] [trace] [t=30280] D:\a\1\s\extern\Azure-Kinect-Sensor-SDK\src\image\image.c (51): k4a_image_t_destroy(). Destroyed k4a_image_t 008E2420
[2020-08-19 15:27:05.873] [trace] [t=21392] D:\a\1\s\extern\Azure-Kinect-Sensor-SDK\src\image\image.c (51): k4a_image_t_create(). Created   k4a_image_t 008E2000
[2020-08-19 15:27:05.873] [trace] [t=21392] D:\a\1\s\extern\Azure-Kinect-Sensor-SDK\src\allocator\allocator.c (118): k4a_capture_t_create(). Created   k4a_capture_t 008DE678
[2020-08-19 15:27:05.873] [trace] [t=21392] D:\a\1\s\extern\Azure-Kinect-Sensor-SDK\src\allocator\allocator.c (118): k4a_capture_t_destroy(). Destroyed k4a_capture_t 008DE678
[2020-08-19 15:27:05.876] [trace] [t=25448] D:\a\1\s\extern\Azure-Kinect-Sensor-SDK\src\allocator\allocator.c (118): k4a_capture_t_create(). Created   k4a_capture_t 008DE8F8
[2020-08-19 15:27:05.877] [trace] [t=25448] D:\a\1\s\extern\Azure-Kinect-Sensor-SDK\src\image\image.c (51): k4a_image_t_create(). Created   k4a_image_t 008E1E80
[2020-08-19 15:27:05.897] [trace] [t=30280] D:\a\1\s\extern\Azure-Kinect-Sensor-SDK\src\allocator\allocator.c (118): k4a_capture_t_create(). Created   k4a_capture_t 008DE808
[2020-08-19 15:27:05.897] [trace] [t=30280] D:\a\1\s\extern\Azure-Kinect-Sensor-SDK\src\image\image.c (51): k4a_image_t_create(). Created   k4a_image_t 008E1EE0
[2020-08-19 15:27:05.897] [trace] [t=30280] D:\a\1\s\extern\Azure-Kinect-Sensor-SDK\src\image\image.c (51): k4a_image_t_create(). Created   k4a_image_t 008E1F40
[2020-08-19 15:27:05.897] [trace] [t=30280] D:\a\1\s\extern\Azure-Kinect-Sensor-SDK\src\allocator\allocator.c (118): k4a_capture_t_destroy(). Destroyed k4a_capture_t 008DE8F8
[2020-08-19 15:27:05.899] [trace] [t=30280] D:\a\1\s\extern\Azure-Kinect-Sensor-SDK\src\image\image.c (51): k4a_image_t_destroy(). Destroyed k4a_image_t 008E24E0
[2020-08-19 15:27:05.900] [trace] [t=25448] D:\a\1\s\extern\Azure-Kinect-Sensor-SDK\src\allocator\allocator.c (118): k4a_capture_t_create(). Created   k4a_capture_t 008DE830
[2020-08-19 15:27:05.900] [trace] [t=25448] D:\a\1\s\extern\Azure-Kinect-Sensor-SDK\src\image\image.c (51): k4a_image_t_create(). Created   k4a_image_t 008E2060
[2020-08-19 15:27:05.907] [trace] [t=23992] D:\a\1\s\extern\Azure-Kinect-Sensor-SDK\src\image\image.c (51): k4a_image_t_destroy(). Destroyed k4a_image_t 008E2180
[2020-08-19 15:27:05.907] [trace] [t=23992] D:\a\1\s\extern\Azure-Kinect-Sensor-SDK\src\allocator\allocator.c (118): k4a_capture_t_destroy(). Destroyed k4a_capture_t 008DE510
[2020-08-19 15:27:05.907] [info] [t=23992] D:\a\1\s\extern\Azure-Kinect-Sensor-SDK\src\sdk\k4a.c (931): k4a_device_stop_cameras(). k4a_device_stop_cameras stopping
[2020-08-19 15:27:05.909] [trace] [t=23992] D:\a\1\s\extern\Azure-Kinect-Sensor-SDK\src\image\image.c (51): k4a_image_t_destroy(). Destroyed k4a_image_t 008E1D00
[2020-08-19 15:27:05.910] [trace] [t=23992] D:\a\1\s\extern\Azure-Kinect-Sensor-SDK\src\image\image.c (51): k4a_image_t_destroy(). Destroyed k4a_image_t 008E1C40
[2020-08-19 15:27:05.911] [trace] [t=23992] D:\a\1\s\extern\Azure-Kinect-Sensor-SDK\src\image\image.c (51): k4a_image_t_destroy(). Destroyed k4a_image_t 008E2540
[2020-08-19 15:27:05.911] [trace] [t=23992] D:\a\1\s\extern\Azure-Kinect-Sensor-SDK\src\allocator\allocator.c (118): k4a_capture_t_destroy(). Destroyed k4a_capture_t 008DE628
[2020-08-19 15:27:05.912] [trace] [t=23992] D:\a\1\s\extern\Azure-Kinect-Sensor-SDK\src\image\image.c (51): k4a_image_t_destroy(). Destroyed k4a_image_t 008E2780
[2020-08-19 15:27:05.912] [trace] [t=23992] D:\a\1\s\extern\Azure-Kinect-Sensor-SDK\src\image\image.c (51): k4a_image_t_destroy(). Destroyed k4a_image_t 008E2600
[2020-08-19 15:27:05.913] [trace] [t=23992] D:\a\1\s\extern\Azure-Kinect-Sensor-SDK\src\image\image.c (51): k4a_image_t_destroy(). Destroyed k4a_image_t 008E2720
[2020-08-19 15:27:05.913] [trace] [t=23992] D:\a\1\s\extern\Azure-Kinect-Sensor-SDK\src\allocator\allocator.c (118): k4a_capture_t_destroy(). Destroyed k4a_capture_t 008DE4E8
[2020-08-19 15:27:05.914] [trace] [t=23992] D:\a\1\s\extern\Azure-Kinect-Sensor-SDK\src\image\image.c (51): k4a_image_t_destroy(). Destroyed k4a_image_t 008E2000
[2020-08-19 15:27:05.914] [trace] [t=23992] D:\a\1\s\extern\Azure-Kinect-Sensor-SDK\src\image\image.c (51): k4a_image_t_destroy(). Destroyed k4a_image_t 008E1D60
[2020-08-19 15:27:05.914] [trace] [t=23992] D:\a\1\s\extern\Azure-Kinect-Sensor-SDK\src\image\image.c (51): k4a_image_t_destroy(). Destroyed k4a_image_t 008E1DC0
[2020-08-19 15:27:05.914] [trace] [t=23992] D:\a\1\s\extern\Azure-Kinect-Sensor-SDK\src\allocator\allocator.c (118): k4a_capture_t_destroy(). Destroyed k4a_capture_t 008DE498
[2020-08-19 15:27:05.914] [trace] [t=23992] D:\a\1\s\extern\Azure-Kinect-Sensor-SDK\src\image\image.c (51): k4a_image_t_destroy(). Destroyed k4a_image_t 008E1EE0
[2020-08-19 15:27:05.914] [trace] [t=23992] D:\a\1\s\extern\Azure-Kinect-Sensor-SDK\src\allocator\allocator.c (118): k4a_capture_t_destroy(). Destroyed k4a_capture_t 008DE808
[2020-08-19 15:27:05.915] [trace] [t=23992] D:\a\1\s\extern\Azure-Kinect-Sensor-SDK\src\image\image.c (51): k4a_image_t_destroy(). Destroyed k4a_image_t 008E1F40
[2020-08-19 15:27:05.917] [trace] [t=21392] D:\a\1\s\extern\Azure-Kinect-Sensor-SDK\src\image\image.c (51): k4a_image_t_create(). Created   k4a_image_t 008E24E0
[2020-08-19 15:27:05.917] [trace] [t=21392] D:\a\1\s\extern\Azure-Kinect-Sensor-SDK\src\allocator\allocator.c (118): k4a_capture_t_create(). Created   k4a_capture_t 008DE628
[2020-08-19 15:27:05.917] [trace] [t=21392] D:\a\1\s\extern\Azure-Kinect-Sensor-SDK\src\image\image.c (51): k4a_image_t_destroy(). Destroyed k4a_image_t 008E24E0
[2020-08-19 15:27:05.917] [trace] [t=21392] D:\a\1\s\extern\Azure-Kinect-Sensor-SDK\src\allocator\allocator.c (118): k4a_capture_t_destroy(). Destroyed k4a_capture_t 008DE628
[2020-08-19 15:27:05.927] [trace] [t=30280] D:\a\1\s\extern\Azure-Kinect-Sensor-SDK\src\allocator\allocator.c (118): k4a_capture_t_create(). Created   k4a_capture_t 008DE880
[2020-08-19 15:27:05.927] [trace] [t=30280] D:\a\1\s\extern\Azure-Kinect-Sensor-SDK\src\image\image.c (51): k4a_image_t_create(). Created   k4a_image_t 008E2300
[2020-08-19 15:27:05.927] [trace] [t=30280] D:\a\1\s\extern\Azure-Kinect-Sensor-SDK\src\image\image.c (51): k4a_image_t_create(). Created   k4a_image_t 008E1EE0
[2020-08-19 15:27:05.927] [trace] [t=30280] D:\a\1\s\extern\Azure-Kinect-Sensor-SDK\src\image\image.c (51): k4a_image_t_destroy(). Destroyed k4a_image_t 008E2300
[2020-08-19 15:27:05.928] [trace] [t=30280] D:\a\1\s\extern\Azure-Kinect-Sensor-SDK\src\image\image.c (51): k4a_image_t_destroy(). Destroyed k4a_image_t 008E1EE0
[2020-08-19 15:27:05.928] [trace] [t=30280] D:\a\1\s\extern\Azure-Kinect-Sensor-SDK\src\allocator\allocator.c (118): k4a_capture_t_destroy(). Destroyed k4a_capture_t 008DE880
[2020-08-19 15:27:05.928] [trace] [t=30280] D:\a\1\s\extern\Azure-Kinect-Sensor-SDK\src\allocator\allocator.c (118): k4a_capture_t_destroy(). Destroyed k4a_capture_t 008DE830
[2020-08-19 15:27:05.930] [trace] [t=30280] D:\a\1\s\extern\Azure-Kinect-Sensor-SDK\src\image\image.c (51): k4a_image_t_destroy(). Destroyed k4a_image_t 008E1E20
[2020-08-19 15:27:05.937] [trace] [t=25448] D:\a\1\s\extern\Azure-Kinect-Sensor-SDK\src\image\image.c (51): k4a_image_t_destroy(). Destroyed k4a_image_t 008E1CA0
[2020-08-19 15:27:05.940] [trace] [t=25448] D:\a\1\s\extern\Azure-Kinect-Sensor-SDK\src\image\image.c (51): k4a_image_t_destroy(). Destroyed k4a_image_t 008E25A0
[2020-08-19 15:27:05.942] [trace] [t=25448] D:\a\1\s\extern\Azure-Kinect-Sensor-SDK\src\image\image.c (51): k4a_image_t_destroy(). Destroyed k4a_image_t 008E1E80
[2020-08-19 15:27:05.945] [trace] [t=25448] D:\a\1\s\extern\Azure-Kinect-Sensor-SDK\src\image\image.c (51): k4a_image_t_destroy(). Destroyed k4a_image_t 008E2060
[2020-08-19 15:27:05.948] [trace] [t=25448] D:\a\1\s\extern\Azure-Kinect-Sensor-SDK\src\image\image.c (51): k4a_image_t_destroy(). Destroyed k4a_image_t 008E2480
[2020-08-19 15:27:05.951] [trace] [t=25448] D:\a\1\s\extern\Azure-Kinect-Sensor-SDK\src\image\image.c (51): k4a_image_t_destroy(). Destroyed k4a_image_t 008E1BE0
[2020-08-19 15:27:05.954] [trace] [t=25448] D:\a\1\s\extern\Azure-Kinect-Sensor-SDK\src\image\image.c (51): k4a_image_t_destroy(). Destroyed k4a_image_t 008E2120
[2020-08-19 15:27:05.956] [trace] [t=25448] D:\a\1\s\extern\Azure-Kinect-Sensor-SDK\src\image\image.c (51): k4a_image_t_destroy(). Destroyed k4a_image_t 008E21E0
[2020-08-19 15:27:05.957] [trace] [t=21392] D:\a\1\s\extern\Azure-Kinect-Sensor-SDK\src\image\image.c (51): k4a_image_t_create(). Created   k4a_image_t 008E24E0
[2020-08-19 15:27:05.957] [trace] [t=21392] D:\a\1\s\extern\Azure-Kinect-Sensor-SDK\src\allocator\allocator.c (118): k4a_capture_t_create(). Created   k4a_capture_t 008DE6F0
[2020-08-19 15:27:05.957] [trace] [t=21392] D:\a\1\s\extern\Azure-Kinect-Sensor-SDK\src\image\image.c (51): k4a_image_t_destroy(). Destroyed k4a_image_t 008E24E0
[2020-08-19 15:27:05.957] [trace] [t=21392] D:\a\1\s\extern\Azure-Kinect-Sensor-SDK\src\allocator\allocator.c (118): k4a_capture_t_destroy(). Destroyed k4a_capture_t 008DE6F0
[2020-08-19 15:27:05.958] [trace] [t=23992] D:\a\1\s\extern\Azure-Kinect-Sensor-SDK\src\usbcommand\usbcommand.c (653): usb_cmd_io(). XFR: Cmd=000000f2, PayloadSize=0
[2020-08-19 15:27:05.970] [trace] [t=21392] D:\a\1\s\extern\Azure-Kinect-Sensor-SDK\src\image\image.c (51): k4a_image_t_create(). Created   k4a_image_t 008E2540
[2020-08-19 15:27:05.970] [trace] [t=21392] D:\a\1\s\extern\Azure-Kinect-Sensor-SDK\src\allocator\allocator.c (118): k4a_capture_t_create(). Created   k4a_capture_t 008DE600
[2020-08-19 15:27:05.970] [trace] [t=21392] D:\a\1\s\extern\Azure-Kinect-Sensor-SDK\src\image\image.c (51): k4a_image_t_destroy(). Destroyed k4a_image_t 008E2540
[2020-08-19 15:27:05.970] [trace] [t=21392] D:\a\1\s\extern\Azure-Kinect-Sensor-SDK\src\allocator\allocator.c (118): k4a_capture_t_destroy(). Destroyed k4a_capture_t 008DE600
[2020-08-19 15:27:05.979] [trace] [t=23992] D:\a\1\s\extern\Azure-Kinect-Sensor-SDK\src\usbcommand\usbcommand.c (653): usb_cmd_io(). XFR: Cmd=0000000a, PayloadSize=0
[2020-08-19 15:27:05.992] [info] [t=23992] D:\a\1\s\extern\Azure-Kinect-Sensor-SDK\src\queue\queue.c (278): queue_disable(). Queue "dewrapper" waiting for blocking call to complete.
[2020-08-19 15:27:05.992] [info] [t=30280] D:\a\1\s\extern\Azure-Kinect-Sensor-SDK\src\queue\queue.c (300): queue_stop(). Queue "Queue_capture" stopped, shutting down and notifying consumers.
[2020-08-19 15:27:05.992] [info] [t=30280] D:\a\1\s\extern\Azure-Kinect-Sensor-SDK\src\queue\queue.c (300): queue_stop(). Queue "Queue_depth" stopped, shutting down and notifying consumers.
[2020-08-19 15:27:05.992] [info] [t=30280] D:\a\1\s\extern\Azure-Kinect-Sensor-SDK\src\queue\queue.c (300): queue_stop(). Queue "Queue_color" stopped, shutting down and notifying consumers.
[2020-08-19 15:27:06.036] [trace] [t=21392] D:\a\1\s\extern\Azure-Kinect-Sensor-SDK\src\image\image.c (51): k4a_image_t_create(). Created   k4a_image_t 00867FE0
[2020-08-19 15:27:06.036] [trace] [t=21392] D:\a\1\s\extern\Azure-Kinect-Sensor-SDK\src\allocator\allocator.c (118): k4a_capture_t_create(). Created   k4a_capture_t 008DE948
[2020-08-19 15:27:06.037] [trace] [t=21392] D:\a\1\s\extern\Azure-Kinect-Sensor-SDK\src\image\image.c (51): k4a_image_t_destroy(). Destroyed k4a_image_t 00867FE0
[2020-08-19 15:27:06.037] [trace] [t=21392] D:\a\1\s\extern\Azure-Kinect-Sensor-SDK\src\allocator\allocator.c (118): k4a_capture_t_destroy(). Destroyed k4a_capture_t 008DE948
[2020-08-19 15:27:06.038] [trace] [t=21392] D:\a\1\s\extern\Azure-Kinect-Sensor-SDK\src\image\image.c (51): k4a_image_t_create(). Created   k4a_image_t 008684C0
[2020-08-19 15:27:06.038] [trace] [t=21392] D:\a\1\s\extern\Azure-Kinect-Sensor-SDK\src\allocator\allocator.c (118): k4a_capture_t_create(). Created   k4a_capture_t 008DE6F0
[2020-08-19 15:27:06.038] [trace] [t=21392] D:\a\1\s\extern\Azure-Kinect-Sensor-SDK\src\image\image.c (51): k4a_image_t_destroy(). Destroyed k4a_image_t 008684C0
[2020-08-19 15:27:06.038] [trace] [t=21392] D:\a\1\s\extern\Azure-Kinect-Sensor-SDK\src\allocator\allocator.c (118): k4a_capture_t_destroy(). Destroyed k4a_capture_t 008DE6F0
[2020-08-19 15:27:06.074] [trace] [t=21392] D:\a\1\s\extern\Azure-Kinect-Sensor-SDK\src\image\image.c (51): k4a_image_t_create(). Created   k4a_image_t 00868220
[2020-08-19 15:27:06.075] [trace] [t=21392] D:\a\1\s\extern\Azure-Kinect-Sensor-SDK\src\allocator\allocator.c (118): k4a_capture_t_create(). Created   k4a_capture_t 008DE830
[2020-08-19 15:27:06.075] [trace] [t=21392] D:\a\1\s\extern\Azure-Kinect-Sensor-SDK\src\image\image.c (51): k4a_image_t_destroy(). Destroyed k4a_image_t 00868220
[2020-08-19 15:27:06.075] [trace] [t=21392] D:\a\1\s\extern\Azure-Kinect-Sensor-SDK\src\allocator\allocator.c (118): k4a_capture_t_destroy(). Destroyed k4a_capture_t 008DE830
[2020-08-19 15:27:06.133] [trace] [t=21392] D:\a\1\s\extern\Azure-Kinect-Sensor-SDK\src\image\image.c (51): k4a_image_t_create(). Created   k4a_image_t 00867F20
[2020-08-19 15:27:06.133] [trace] [t=21392] D:\a\1\s\extern\Azure-Kinect-Sensor-SDK\src\allocator\allocator.c (118): k4a_capture_t_create(). Created   k4a_capture_t 008DE920
[2020-08-19 15:27:06.133] [trace] [t=21392] D:\a\1\s\extern\Azure-Kinect-Sensor-SDK\src\image\image.c (51): k4a_image_t_destroy(). Destroyed k4a_image_t 00867F20
[2020-08-19 15:27:06.133] [trace] [t=21392] D:\a\1\s\extern\Azure-Kinect-Sensor-SDK\src\allocator\allocator.c (118): k4a_capture_t_destroy(). Destroyed k4a_capture_t 008DE920
[2020-08-19 15:27:06.161] [trace] [t=21392] D:\a\1\s\extern\Azure-Kinect-Sensor-SDK\src\image\image.c (51): k4a_image_t_create(). Created   k4a_image_t 008683A0
[2020-08-19 15:27:06.161] [trace] [t=21392] D:\a\1\s\extern\Azure-Kinect-Sensor-SDK\src\allocator\allocator.c (118): k4a_capture_t_create(). Created   k4a_capture_t 008DE790
[2020-08-19 15:27:06.161] [trace] [t=21392] D:\a\1\s\extern\Azure-Kinect-Sensor-SDK\src\image\image.c (51): k4a_image_t_destroy(). Destroyed k4a_image_t 008683A0
[2020-08-19 15:27:06.161] [trace] [t=21392] D:\a\1\s\extern\Azure-Kinect-Sensor-SDK\src\allocator\allocator.c (118): k4a_capture_t_destroy(). Destroyed k4a_capture_t 008DE790
[2020-08-19 15:27:06.172] [trace] [t=21392] D:\a\1\s\extern\Azure-Kinect-Sensor-SDK\src\image\image.c (51): k4a_image_t_create(). Created   k4a_image_t 008685E0
[2020-08-19 15:27:06.172] [trace] [t=21392] D:\a\1\s\extern\Azure-Kinect-Sensor-SDK\src\allocator\allocator.c (118): k4a_capture_t_create(). Created   k4a_capture_t 008DE650
[2020-08-19 15:27:06.172] [trace] [t=21392] D:\a\1\s\extern\Azure-Kinect-Sensor-SDK\src\image\image.c (51): k4a_image_t_destroy(). Destroyed k4a_image_t 008685E0
[2020-08-19 15:27:06.172] [trace] [t=21392] D:\a\1\s\extern\Azure-Kinect-Sensor-SDK\src\allocator\allocator.c (118): k4a_capture_t_destroy(). Destroyed k4a_capture_t 008DE650
[2020-08-19 15:27:06.218] [trace] [t=21392] D:\a\1\s\extern\Azure-Kinect-Sensor-SDK\src\image\image.c (51): k4a_image_t_create(). Created   k4a_image_t 00867FE0
[2020-08-19 15:27:06.218] [trace] [t=21392] D:\a\1\s\extern\Azure-Kinect-Sensor-SDK\src\allocator\allocator.c (118): k4a_capture_t_create(). Created   k4a_capture_t 008DE830
[2020-08-19 15:27:06.218] [trace] [t=21392] D:\a\1\s\extern\Azure-Kinect-Sensor-SDK\src\image\image.c (51): k4a_image_t_destroy(). Destroyed k4a_image_t 00867FE0
[2020-08-19 15:27:06.218] [trace] [t=21392] D:\a\1\s\extern\Azure-Kinect-Sensor-SDK\src\allocator\allocator.c (118): k4a_capture_t_destroy(). Destroyed k4a_capture_t 008DE830
[2020-08-19 15:27:06.243] [trace] [t=21392] D:\a\1\s\extern\Azure-Kinect-Sensor-SDK\src\image\image.c (51): k4a_image_t_create(). Created   k4a_image_t 00868400
[2020-08-19 15:27:06.243] [trace] [t=21392] D:\a\1\s\extern\Azure-Kinect-Sensor-SDK\src\allocator\allocator.c (118): k4a_capture_t_create(). Created   k4a_capture_t 008DE830
[2020-08-19 15:27:06.243] [trace] [t=21392] D:\a\1\s\extern\Azure-Kinect-Sensor-SDK\src\image\image.c (51): k4a_image_t_destroy(). Destroyed k4a_image_t 00868400
[2020-08-19 15:27:06.243] [trace] [t=21392] D:\a\1\s\extern\Azure-Kinect-Sensor-SDK\src\allocator\allocator.c (118): k4a_capture_t_destroy(). Destroyed k4a_capture_t 008DE830
[2020-08-19 15:27:06.270] [trace] [t=21392] D:\a\1\s\extern\Azure-Kinect-Sensor-SDK\src\image\image.c (51): k4a_image_t_create(). Created   k4a_image_t 00868280
[2020-08-19 15:27:06.270] [trace] [t=21392] D:\a\1\s\extern\Azure-Kinect-Sensor-SDK\src\allocator\allocator.c (118): k4a_capture_t_create(). Created   k4a_capture_t 008DE830
[2020-08-19 15:27:06.270] [trace] [t=21392] D:\a\1\s\extern\Azure-Kinect-Sensor-SDK\src\image\image.c (51): k4a_image_t_destroy(). Destroyed k4a_image_t 00868280
[2020-08-19 15:27:06.270] [trace] [t=21392] D:\a\1\s\extern\Azure-Kinect-Sensor-SDK\src\allocator\allocator.c (118): k4a_capture_t_destroy(). Destroyed k4a_capture_t 008DE830
[2020-08-19 15:27:06.288] [trace] [t=21392] D:\a\1\s\extern\Azure-Kinect-Sensor-SDK\src\image\image.c (51): k4a_image_t_create(). Created   k4a_image_t 008685E0
[2020-08-19 15:27:06.288] [trace] [t=21392] D:\a\1\s\extern\Azure-Kinect-Sensor-SDK\src\allocator\allocator.c (118): k4a_capture_t_create(). Created   k4a_capture_t 008DE650
[2020-08-19 15:27:06.288] [trace] [t=21392] D:\a\1\s\extern\Azure-Kinect-Sensor-SDK\src\image\image.c (51): k4a_image_t_destroy(). Destroyed k4a_image_t 008685E0
[2020-08-19 15:27:06.288] [trace] [t=21392] D:\a\1\s\extern\Azure-Kinect-Sensor-SDK\src\allocator\allocator.c (118): k4a_capture_t_destroy(). Destroyed k4a_capture_t 008DE650
[2020-08-19 15:27:06.337] [trace] [t=21392] D:\a\1\s\extern\Azure-Kinect-Sensor-SDK\src\image\image.c (51): k4a_image_t_create(). Created   k4a_image_t 00867F20
[2020-08-19 15:27:06.337] [trace] [t=21392] D:\a\1\s\extern\Azure-Kinect-Sensor-SDK\src\allocator\allocator.c (118): k4a_capture_t_create(). Created   k4a_capture_t 008DE470
[2020-08-19 15:27:06.337] [trace] [t=21392] D:\a\1\s\extern\Azure-Kinect-Sensor-SDK\src\image\image.c (51): k4a_image_t_destroy(). Destroyed k4a_image_t 00867F20
[2020-08-19 15:27:06.337] [trace] [t=21392] D:\a\1\s\extern\Azure-Kinect-Sensor-SDK\src\allocator\allocator.c (118): k4a_capture_t_destroy(). Destroyed k4a_capture_t 008DE470
[2020-08-19 15:27:06.388] [trace] [t=21392] D:\a\1\s\extern\Azure-Kinect-Sensor-SDK\src\image\image.c (51): k4a_image_t_create(). Created   k4a_image_t 00868400
[2020-08-19 15:27:06.388] [trace] [t=21392] D:\a\1\s\extern\Azure-Kinect-Sensor-SDK\src\allocator\allocator.c (118): k4a_capture_t_create(). Created   k4a_capture_t 008DE6A0
[2020-08-19 15:27:06.388] [trace] [t=21392] D:\a\1\s\extern\Azure-Kinect-Sensor-SDK\src\image\image.c (51): k4a_image_t_destroy(). Destroyed k4a_image_t 00868400
[2020-08-19 15:27:06.388] [trace] [t=21392] D:\a\1\s\extern\Azure-Kinect-Sensor-SDK\src\allocator\allocator.c (118): k4a_capture_t_destroy(). Destroyed k4a_capture_t 008DE6A0
[2020-08-19 15:27:06.402] [trace] [t=21392] D:\a\1\s\extern\Azure-Kinect-Sensor-SDK\src\image\image.c (51): k4a_image_t_create(). Created   k4a_image_t 008685E0
[2020-08-19 15:27:06.402] [trace] [t=21392] D:\a\1\s\extern\Azure-Kinect-Sensor-SDK\src\allocator\allocator.c (118): k4a_capture_t_create(). Created   k4a_capture_t 008DE600
[2020-08-19 15:27:06.402] [trace] [t=21392] D:\a\1\s\extern\Azure-Kinect-Sensor-SDK\src\image\image.c (51): k4a_image_t_destroy(). Destroyed k4a_image_t 008685E0
[2020-08-19 15:27:06.402] [trace] [t=21392] D:\a\1\s\extern\Azure-Kinect-Sensor-SDK\src\allocator\allocator.c (118): k4a_capture_t_destroy(). Destroyed k4a_capture_t 008DE600
[2020-08-19 15:27:06.435] [trace] [t=21392] D:\a\1\s\extern\Azure-Kinect-Sensor-SDK\src\image\image.c (51): k4a_image_t_create(). Created   k4a_image_t 008683A0
[2020-08-19 15:27:06.435] [trace] [t=21392] D:\a\1\s\extern\Azure-Kinect-Sensor-SDK\src\allocator\allocator.c (118): k4a_capture_t_create(). Created   k4a_capture_t 008DE678
[2020-08-19 15:27:06.435] [trace] [t=21392] D:\a\1\s\extern\Azure-Kinect-Sensor-SDK\src\image\image.c (51): k4a_image_t_destroy(). Destroyed k4a_image_t 008683A0
[2020-08-19 15:27:06.435] [trace] [t=21392] D:\a\1\s\extern\Azure-Kinect-Sensor-SDK\src\allocator\allocator.c (118): k4a_capture_t_destroy(). Destroyed k4a_capture_t 008DE678
[2020-08-19 15:27:06.464] [trace] [t=21392] D:\a\1\s\extern\Azure-Kinect-Sensor-SDK\src\image\image.c (51): k4a_image_t_create(). Created   k4a_image_t 008684C0
[2020-08-19 15:27:06.464] [trace] [t=21392] D:\a\1\s\extern\Azure-Kinect-Sensor-SDK\src\allocator\allocator.c (118): k4a_capture_t_create(). Created   k4a_capture_t 008DE600
[2020-08-19 15:27:06.464] [trace] [t=21392] D:\a\1\s\extern\Azure-Kinect-Sensor-SDK\src\image\image.c (51): k4a_image_t_destroy(). Destroyed k4a_image_t 008684C0
[2020-08-19 15:27:06.464] [trace] [t=21392] D:\a\1\s\extern\Azure-Kinect-Sensor-SDK\src\allocator\allocator.c (118): k4a_capture_t_destroy(). Destroyed k4a_capture_t 008DE600
[2020-08-19 15:27:06.499] [trace] [t=21392] D:\a\1\s\extern\Azure-Kinect-Sensor-SDK\src\image\image.c (51): k4a_image_t_create(). Created   k4a_image_t 00868040
[2020-08-19 15:27:06.499] [trace] [t=21392] D:\a\1\s\extern\Azure-Kinect-Sensor-SDK\src\allocator\allocator.c (118): k4a_capture_t_create(). Created   k4a_capture_t 008DE718
[2020-08-19 15:27:06.499] [trace] [t=21392] D:\a\1\s\extern\Azure-Kinect-Sensor-SDK\src\image\image.c (51): k4a_image_t_destroy(). Destroyed k4a_image_t 00868040
[2020-08-19 15:27:06.499] [trace] [t=21392] D:\a\1\s\extern\Azure-Kinect-Sensor-SDK\src\allocator\allocator.c (118): k4a_capture_t_destroy(). Destroyed k4a_capture_t 008DE718
[2020-08-19 15:27:06.966] [info] [t=23992] D:\a\1\s\extern\Azure-Kinect-Sensor-SDK\src\sdk\k4a.c (952): k4a_device_stop_cameras(). k4a_device_stop_cameras stopped
[2020-08-19 15:27:06.966] [trace] [t=23992] D:\a\1\s\extern\Azure-Kinect-Sensor-SDK\src\queue\queue.c (39): queue_t_destroy(). Destroyed queue_t 008C48E0
[2020-08-19 15:27:06.966] [trace] [t=23992] D:\a\1\s\extern\Azure-Kinect-Sensor-SDK\src\imu\imu.c (70): imu_t_destroy(). Destroyed imu_t 0089CE68
[2020-08-19 15:27:07.193] [trace] [t=23992] D:\a\1\s\extern\Azure-Kinect-Sensor-SDK\src\color\color.cpp (45): color_t_destroy(). Destroyed color_t 008843E0
[2020-08-19 15:27:07.193] [trace] [t=23992] D:\a\1\s\extern\Azure-Kinect-Sensor-SDK\src\queue\queue.c (39): queue_t_destroy(). Destroyed queue_t 00875530
[2020-08-19 15:27:07.193] [trace] [t=23992] D:\a\1\s\extern\Azure-Kinect-Sensor-SDK\src\dewrapper\dewrapper.c (57): dewrapper_t_destroy(). Destroyed dewrapper_t 00856D98
[2020-08-19 15:27:07.194] [trace] [t=23992] D:\a\1\s\extern\Azure-Kinect-Sensor-SDK\src\depth\depth.c (51): depth_t_destroy(). Destroyed depth_t 00877668
[2020-08-19 15:27:07.194] [trace] [t=23992] D:\a\1\s\extern\Azure-Kinect-Sensor-SDK\src\queue\queue.c (39): queue_t_destroy(). Destroyed queue_t 00875370
[2020-08-19 15:27:07.194] [trace] [t=23992] D:\a\1\s\extern\Azure-Kinect-Sensor-SDK\src\queue\queue.c (39): queue_t_destroy(). Destroyed queue_t 008755D8
[2020-08-19 15:27:07.194] [trace] [t=23992] D:\a\1\s\extern\Azure-Kinect-Sensor-SDK\src\queue\queue.c (39): queue_t_destroy(). Destroyed queue_t 00875680
[2020-08-19 15:27:07.194] [trace] [t=23992] D:\a\1\s\extern\Azure-Kinect-Sensor-SDK\src\capturesync\capturesync.c (54): capturesync_t_destroy(). Destroyed capturesync_t 0088A740
[2020-08-19 15:27:07.194] [trace] [t=23992] D:\a\1\s\extern\Azure-Kinect-Sensor-SDK\src\calibration\calibration.c (47): calibration_t_destroy(). Destroyed calibration_t 0086F268
[2020-08-19 15:27:07.194] [trace] [t=23992] d:\a\1\s\extern\azure-kinect-sensor-sdk\src\usbcommand\usb_cmd_priv.h (101): usbcmd_t_destroy(). Destroyed usbcmd_t 008418C8
[2020-08-19 15:27:07.194] [trace] [t=23992] D:\a\1\s\extern\Azure-Kinect-Sensor-SDK\src\depth_mcu\depth_mcu.c (29): depthmcu_t_destroy(). Destroyed depthmcu_t 0084BF78
[2020-08-19 15:27:07.197] [trace] [t=23992] d:\a\1\s\extern\azure-kinect-sensor-sdk\src\usbcommand\usb_cmd_priv.h (101): usbcmd_t_destroy(). Destroyed usbcmd_t 00840D88
[2020-08-19 15:27:07.198] [trace] [t=23992] D:\a\1\s\extern\Azure-Kinect-Sensor-SDK\src\color_mcu\color_mcu.c (41): colormcu_t_destroy(). Destroyed colormcu_t 008546F8
[2020-08-19 15:27:07.198] [trace] [t=23992] D:\a\1\s\extern\Azure-Kinect-Sensor-SDK\src\sdk\k4a.c (53): k4a_device_t_destroy(). Destroyed k4a_device_t 008469A8
[2020-08-19 15:27:07.201] [trace] [t=23992] D:\a\1\s\extern\Azure-Kinect-Sensor-SDK\src\dynlib\dynlib_windows.c (22): dynlib_t_destroy(). Destroyed dynlib_t 0087AB40
